{"C:\\Users\\JoseNajera\\Desktop\\proyectos\\prueba_tec\\dist\\src\\server.js": {"path":"C:\\Users\\JoseNajera\\Desktop\\proyectos\\prueba_tec\\dist\\src\\server.js","statementMap":{"0":{"start":{"line":2,"column":22},"end":{"line":4,"column":1}},"1":{"start":{"line":3,"column":4},"end":{"line":3,"column":62}},"2":{"start":{"line":5,"column":0},"end":{"line":5,"column":62}},"3":{"start":{"line":6,"column":18},"end":{"line":6,"column":53}},"4":{"start":{"line":7,"column":15},"end":{"line":7,"column":47}},"5":{"start":{"line":8,"column":27},"end":{"line":8,"column":71}},"6":{"start":{"line":9,"column":15},"end":{"line":9,"column":39}},"7":{"start":{"line":11,"column":0},"end":{"line":11,"column":37}},"8":{"start":{"line":12,"column":0},"end":{"line":12,"column":58}},"9":{"start":{"line":13,"column":0},"end":{"line":15,"column":4}},"10":{"start":{"line":16,"column":0},"end":{"line":16,"column":25}}},"fnMap":{"0":{"name":"(anonymous_0)","decl":{"start":{"line":2,"column":56},"end":{"line":2,"column":57}},"loc":{"start":{"line":2,"column":71},"end":{"line":4,"column":1}},"line":2}},"branchMap":{"0":{"loc":{"start":{"line":2,"column":22},"end":{"line":4,"column":1}},"type":"binary-expr","locations":[{"start":{"line":2,"column":23},"end":{"line":2,"column":27}},{"start":{"line":2,"column":31},"end":{"line":2,"column":51}},{"start":{"line":2,"column":56},"end":{"line":4,"column":1}}],"line":2},"1":{"loc":{"start":{"line":3,"column":11},"end":{"line":3,"column":61}},"type":"cond-expr","locations":[{"start":{"line":3,"column":37},"end":{"line":3,"column":40}},{"start":{"line":3,"column":43},"end":{"line":3,"column":61}}],"line":3},"2":{"loc":{"start":{"line":3,"column":12},"end":{"line":3,"column":33}},"type":"binary-expr","locations":[{"start":{"line":3,"column":12},"end":{"line":3,"column":15}},{"start":{"line":3,"column":19},"end":{"line":3,"column":33}}],"line":3}},"s":{"0":1,"1":3,"2":1,"3":1,"4":1,"5":1,"6":1,"7":1,"8":1,"9":1,"10":1},"f":{"0":3},"b":{"0":[1,1,1],"1":[0,3],"2":[3,3]},"inputSourceMap":null,"_coverageSchema":"1a1c01bbd47fc00a2c39e90264f33305004495a9","hash":"f748e9a61499c52741f9a0077095b7646e9d4963"}
,"C:\\Users\\JoseNajera\\Desktop\\proyectos\\prueba_tec\\dist\\src\\data\\dataSources\\sequalize\\dbConfig.js": {"path":"C:\\Users\\JoseNajera\\Desktop\\proyectos\\prueba_tec\\dist\\src\\data\\dataSources\\sequalize\\dbConfig.js","statementMap":{"0":{"start":{"line":2,"column":0},"end":{"line":2,"column":62}},"1":{"start":{"line":3,"column":20},"end":{"line":3,"column":40}},"2":{"start":{"line":4,"column":18},"end":{"line":7,"column":2}},"3":{"start":{"line":8,"column":0},"end":{"line":8,"column":28}}},"fnMap":{},"branchMap":{},"s":{"0":1,"1":1,"2":1,"3":1},"f":{},"b":{},"inputSourceMap":null,"_coverageSchema":"1a1c01bbd47fc00a2c39e90264f33305004495a9","hash":"ee7088a6888a47c68c6f62004d29cfc326f2099f"}
,"C:\\Users\\JoseNajera\\Desktop\\proyectos\\prueba_tec\\dist\\src\\data\\dataSources\\sequalize\\models\\userModel.js": {"path":"C:\\Users\\JoseNajera\\Desktop\\proyectos\\prueba_tec\\dist\\src\\data\\dataSources\\sequalize\\models\\userModel.js","statementMap":{"0":{"start":{"line":2,"column":22},"end":{"line":4,"column":1}},"1":{"start":{"line":3,"column":4},"end":{"line":3,"column":62}},"2":{"start":{"line":5,"column":0},"end":{"line":5,"column":62}},"3":{"start":{"line":6,"column":20},"end":{"line":6,"column":40}},"4":{"start":{"line":7,"column":15},"end":{"line":7,"column":58}},"5":{"start":{"line":8,"column":19},"end":{"line":8,"column":58}},"6":{"start":{"line":11,"column":0},"end":{"line":48,"column":3}},"7":{"start":{"line":49,"column":0},"end":{"line":49,"column":28}}},"fnMap":{"0":{"name":"(anonymous_0)","decl":{"start":{"line":2,"column":56},"end":{"line":2,"column":57}},"loc":{"start":{"line":2,"column":71},"end":{"line":4,"column":1}},"line":2}},"branchMap":{"0":{"loc":{"start":{"line":2,"column":22},"end":{"line":4,"column":1}},"type":"binary-expr","locations":[{"start":{"line":2,"column":23},"end":{"line":2,"column":27}},{"start":{"line":2,"column":31},"end":{"line":2,"column":51}},{"start":{"line":2,"column":56},"end":{"line":4,"column":1}}],"line":2},"1":{"loc":{"start":{"line":3,"column":11},"end":{"line":3,"column":61}},"type":"cond-expr","locations":[{"start":{"line":3,"column":37},"end":{"line":3,"column":40}},{"start":{"line":3,"column":43},"end":{"line":3,"column":61}}],"line":3},"2":{"loc":{"start":{"line":3,"column":12},"end":{"line":3,"column":33}},"type":"binary-expr","locations":[{"start":{"line":3,"column":12},"end":{"line":3,"column":15}},{"start":{"line":3,"column":19},"end":{"line":3,"column":33}}],"line":3}},"s":{"0":1,"1":1,"2":1,"3":1,"4":1,"5":1,"6":1,"7":1},"f":{"0":1},"b":{"0":[1,1,1],"1":[1,0],"2":[1,1]},"inputSourceMap":null,"_coverageSchema":"1a1c01bbd47fc00a2c39e90264f33305004495a9","hash":"fc9f76a4bd3e22c950b9470ca85ecf9ddba66bdf"}
,"C:\\Users\\JoseNajera\\Desktop\\proyectos\\prueba_tec\\dist\\src\\data\\dataSources\\sqlite3\\sqliteUserDataSource.js": {"path":"C:\\Users\\JoseNajera\\Desktop\\proyectos\\prueba_tec\\dist\\src\\data\\dataSources\\sqlite3\\sqliteUserDataSource.js","statementMap":{"0":{"start":{"line":2,"column":16},"end":{"line":10,"column":1}},"1":{"start":{"line":3,"column":28},"end":{"line":3,"column":110}},"2":{"start":{"line":3,"column":91},"end":{"line":3,"column":106}},"3":{"start":{"line":4,"column":4},"end":{"line":9,"column":7}},"4":{"start":{"line":5,"column":36},"end":{"line":5,"column":97}},"5":{"start":{"line":5,"column":42},"end":{"line":5,"column":70}},"6":{"start":{"line":5,"column":85},"end":{"line":5,"column":95}},"7":{"start":{"line":6,"column":35},"end":{"line":6,"column":100}},"8":{"start":{"line":6,"column":41},"end":{"line":6,"column":73}},"9":{"start":{"line":6,"column":88},"end":{"line":6,"column":98}},"10":{"start":{"line":7,"column":32},"end":{"line":7,"column":116}},"11":{"start":{"line":8,"column":8},"end":{"line":8,"column":78}},"12":{"start":{"line":11,"column":0},"end":{"line":11,"column":62}},"13":{"start":{"line":12,"column":0},"end":{"line":12,"column":38}},"14":{"start":{"line":15,"column":8},"end":{"line":15,"column":33}},"15":{"start":{"line":18,"column":8},"end":{"line":21,"column":11}},"16":{"start":{"line":19,"column":27},"end":{"line":19,"column":62}},"17":{"start":{"line":20,"column":12},"end":{"line":20,"column":35}},"18":{"start":{"line":24,"column":8},"end":{"line":26,"column":11}},"19":{"start":{"line":25,"column":12},"end":{"line":25,"column":75}},"20":{"start":{"line":29,"column":8},"end":{"line":33,"column":11}},"21":{"start":{"line":30,"column":27},"end":{"line":30,"column":59}},"22":{"start":{"line":31,"column":12},"end":{"line":31,"column":32}},"23":{"start":{"line":32,"column":12},"end":{"line":32,"column":35}},"24":{"start":{"line":36,"column":0},"end":{"line":36,"column":52}}},"fnMap":{"0":{"name":"(anonymous_0)","decl":{"start":{"line":2,"column":44},"end":{"line":2,"column":45}},"loc":{"start":{"line":2,"column":89},"end":{"line":10,"column":1}},"line":2},"1":{"name":"adopt","decl":{"start":{"line":3,"column":13},"end":{"line":3,"column":18}},"loc":{"start":{"line":3,"column":26},"end":{"line":3,"column":112}},"line":3},"2":{"name":"(anonymous_2)","decl":{"start":{"line":3,"column":70},"end":{"line":3,"column":71}},"loc":{"start":{"line":3,"column":89},"end":{"line":3,"column":108}},"line":3},"3":{"name":"(anonymous_3)","decl":{"start":{"line":4,"column":36},"end":{"line":4,"column":37}},"loc":{"start":{"line":4,"column":63},"end":{"line":9,"column":5}},"line":4},"4":{"name":"fulfilled","decl":{"start":{"line":5,"column":17},"end":{"line":5,"column":26}},"loc":{"start":{"line":5,"column":34},"end":{"line":5,"column":99}},"line":5},"5":{"name":"rejected","decl":{"start":{"line":6,"column":17},"end":{"line":6,"column":25}},"loc":{"start":{"line":6,"column":33},"end":{"line":6,"column":102}},"line":6},"6":{"name":"step","decl":{"start":{"line":7,"column":17},"end":{"line":7,"column":21}},"loc":{"start":{"line":7,"column":30},"end":{"line":7,"column":118}},"line":7},"7":{"name":"(anonymous_7)","decl":{"start":{"line":14,"column":4},"end":{"line":14,"column":5}},"loc":{"start":{"line":14,"column":26},"end":{"line":16,"column":5}},"line":14},"8":{"name":"(anonymous_8)","decl":{"start":{"line":17,"column":4},"end":{"line":17,"column":5}},"loc":{"start":{"line":17,"column":17},"end":{"line":22,"column":5}},"line":17},"9":{"name":"(anonymous_9)","decl":{"start":{"line":18,"column":47},"end":{"line":18,"column":48}},"loc":{"start":{"line":18,"column":60},"end":{"line":21,"column":9}},"line":18},"10":{"name":"(anonymous_10)","decl":{"start":{"line":23,"column":4},"end":{"line":23,"column":5}},"loc":{"start":{"line":23,"column":42},"end":{"line":27,"column":5}},"line":23},"11":{"name":"(anonymous_11)","decl":{"start":{"line":24,"column":47},"end":{"line":24,"column":48}},"loc":{"start":{"line":24,"column":60},"end":{"line":26,"column":9}},"line":24},"12":{"name":"(anonymous_12)","decl":{"start":{"line":28,"column":4},"end":{"line":28,"column":5}},"loc":{"start":{"line":28,"column":17},"end":{"line":34,"column":5}},"line":28},"13":{"name":"(anonymous_13)","decl":{"start":{"line":29,"column":47},"end":{"line":29,"column":48}},"loc":{"start":{"line":29,"column":60},"end":{"line":33,"column":9}},"line":29}},"branchMap":{"0":{"loc":{"start":{"line":2,"column":16},"end":{"line":10,"column":1}},"type":"binary-expr","locations":[{"start":{"line":2,"column":17},"end":{"line":2,"column":21}},{"start":{"line":2,"column":25},"end":{"line":2,"column":39}},{"start":{"line":2,"column":44},"end":{"line":10,"column":1}}],"line":2},"1":{"loc":{"start":{"line":3,"column":35},"end":{"line":3,"column":109}},"type":"cond-expr","locations":[{"start":{"line":3,"column":56},"end":{"line":3,"column":61}},{"start":{"line":3,"column":64},"end":{"line":3,"column":109}}],"line":3},"2":{"loc":{"start":{"line":4,"column":16},"end":{"line":4,"column":34}},"type":"binary-expr","locations":[{"start":{"line":4,"column":16},"end":{"line":4,"column":17}},{"start":{"line":4,"column":22},"end":{"line":4,"column":33}}],"line":4},"3":{"loc":{"start":{"line":7,"column":32},"end":{"line":7,"column":115}},"type":"cond-expr","locations":[{"start":{"line":7,"column":46},"end":{"line":7,"column":67}},{"start":{"line":7,"column":70},"end":{"line":7,"column":115}}],"line":7},"4":{"loc":{"start":{"line":8,"column":51},"end":{"line":8,"column":67}},"type":"binary-expr","locations":[{"start":{"line":8,"column":51},"end":{"line":8,"column":61}},{"start":{"line":8,"column":65},"end":{"line":8,"column":67}}],"line":8}},"s":{"0":1,"1":2,"2":0,"3":2,"4":2,"5":2,"6":0,"7":0,"8":0,"9":0,"10":4,"11":2,"12":1,"13":1,"14":3,"15":1,"16":1,"17":1,"18":0,"19":0,"20":1,"21":1,"22":1,"23":1,"24":1},"f":{"0":2,"1":2,"2":0,"3":2,"4":2,"5":0,"6":4,"7":3,"8":1,"9":1,"10":0,"11":0,"12":1,"13":1},"b":{"0":[1,1,1],"1":[2,0],"2":[2,2],"3":[2,2],"4":[2,2]},"inputSourceMap":null,"_coverageSchema":"1a1c01bbd47fc00a2c39e90264f33305004495a9","hash":"169b6e82fa3d65236ba8555347ba1bfd0161046f"}
,"C:\\Users\\JoseNajera\\Desktop\\proyectos\\prueba_tec\\dist\\src\\domain\\dto\\user.dto.js": {"path":"C:\\Users\\JoseNajera\\Desktop\\proyectos\\prueba_tec\\dist\\src\\domain\\dto\\user.dto.js","statementMap":{"0":{"start":{"line":2,"column":17},"end":{"line":7,"column":1}},"1":{"start":{"line":3,"column":12},"end":{"line":3,"column":28}},"2":{"start":{"line":3,"column":34},"end":{"line":3,"column":125}},"3":{"start":{"line":4,"column":4},"end":{"line":5,"column":150}},"4":{"start":{"line":4,"column":79},"end":{"line":4,"column":131}},"5":{"start":{"line":5,"column":9},"end":{"line":5,"column":150}},"6":{"start":{"line":5,"column":22},"end":{"line":5,"column":43}},"7":{"start":{"line":5,"column":58},"end":{"line":5,"column":150}},"8":{"start":{"line":5,"column":81},"end":{"line":5,"column":150}},"9":{"start":{"line":6,"column":4},"end":{"line":6,"column":66}},"10":{"start":{"line":8,"column":0},"end":{"line":8,"column":62}},"11":{"start":{"line":9,"column":0},"end":{"line":9,"column":55}},"12":{"start":{"line":10,"column":26},"end":{"line":10,"column":52}},"13":{"start":{"line":11,"column":15},"end":{"line":11,"column":42}},"14":{"start":{"line":14,"column":0},"end":{"line":14,"column":38}},"15":{"start":{"line":15,"column":0},"end":{"line":18,"column":42}},"16":{"start":{"line":19,"column":0},"end":{"line":22,"column":47}},"17":{"start":{"line":23,"column":0},"end":{"line":26,"column":49}},"18":{"start":{"line":27,"column":0},"end":{"line":30,"column":44}},"19":{"start":{"line":31,"column":0},"end":{"line":34,"column":48}},"20":{"start":{"line":35,"column":0},"end":{"line":39,"column":45}},"21":{"start":{"line":40,"column":0},"end":{"line":43,"column":46}},"22":{"start":{"line":46,"column":0},"end":{"line":46,"column":38}},"23":{"start":{"line":47,"column":0},"end":{"line":50,"column":42}},"24":{"start":{"line":51,"column":0},"end":{"line":54,"column":47}},"25":{"start":{"line":55,"column":0},"end":{"line":58,"column":49}},"26":{"start":{"line":59,"column":0},"end":{"line":62,"column":44}},"27":{"start":{"line":63,"column":0},"end":{"line":66,"column":48}},"28":{"start":{"line":67,"column":0},"end":{"line":71,"column":45}},"29":{"start":{"line":72,"column":0},"end":{"line":75,"column":46}}},"fnMap":{"0":{"name":"(anonymous_0)","decl":{"start":{"line":2,"column":46},"end":{"line":2,"column":47}},"loc":{"start":{"line":2,"column":87},"end":{"line":7,"column":1}},"line":2}},"branchMap":{"0":{"loc":{"start":{"line":2,"column":17},"end":{"line":7,"column":1}},"type":"binary-expr","locations":[{"start":{"line":2,"column":18},"end":{"line":2,"column":22}},{"start":{"line":2,"column":26},"end":{"line":2,"column":41}},{"start":{"line":2,"column":46},"end":{"line":7,"column":1}}],"line":2},"1":{"loc":{"start":{"line":3,"column":34},"end":{"line":3,"column":125}},"type":"cond-expr","locations":[{"start":{"line":3,"column":42},"end":{"line":3,"column":48}},{"start":{"line":3,"column":51},"end":{"line":3,"column":125}}],"line":3},"2":{"loc":{"start":{"line":3,"column":51},"end":{"line":3,"column":125}},"type":"cond-expr","locations":[{"start":{"line":3,"column":67},"end":{"line":3,"column":118}},{"start":{"line":3,"column":121},"end":{"line":3,"column":125}}],"line":3},"3":{"loc":{"start":{"line":4,"column":4},"end":{"line":5,"column":150}},"type":"if","locations":[{"start":{"line":4,"column":4},"end":{"line":5,"column":150}},{"start":{"line":5,"column":9},"end":{"line":5,"column":150}}],"line":4},"4":{"loc":{"start":{"line":4,"column":8},"end":{"line":4,"column":77}},"type":"binary-expr","locations":[{"start":{"line":4,"column":8},"end":{"line":4,"column":35}},{"start":{"line":4,"column":39},"end":{"line":4,"column":77}}],"line":4},"5":{"loc":{"start":{"line":5,"column":58},"end":{"line":5,"column":150}},"type":"if","locations":[{"start":{"line":5,"column":58},"end":{"line":5,"column":150}},{"start":{},"end":{}}],"line":5},"6":{"loc":{"start":{"line":5,"column":85},"end":{"line":5,"column":149}},"type":"binary-expr","locations":[{"start":{"line":5,"column":86},"end":{"line":5,"column":143}},{"start":{"line":5,"column":148},"end":{"line":5,"column":149}}],"line":5},"7":{"loc":{"start":{"line":5,"column":86},"end":{"line":5,"column":143}},"type":"cond-expr","locations":[{"start":{"line":5,"column":94},"end":{"line":5,"column":98}},{"start":{"line":5,"column":101},"end":{"line":5,"column":143}}],"line":5},"8":{"loc":{"start":{"line":5,"column":101},"end":{"line":5,"column":143}},"type":"cond-expr","locations":[{"start":{"line":5,"column":109},"end":{"line":5,"column":126}},{"start":{"line":5,"column":129},"end":{"line":5,"column":143}}],"line":5},"9":{"loc":{"start":{"line":6,"column":11},"end":{"line":6,"column":62}},"type":"binary-expr","locations":[{"start":{"line":6,"column":11},"end":{"line":6,"column":16}},{"start":{"line":6,"column":20},"end":{"line":6,"column":21}},{"start":{"line":6,"column":25},"end":{"line":6,"column":62}}],"line":6}},"s":{"0":1,"1":14,"2":14,"3":14,"4":0,"5":14,"6":14,"7":30,"8":30,"9":14,"10":1,"11":1,"12":1,"13":1,"14":1,"15":1,"16":1,"17":1,"18":1,"19":1,"20":1,"21":1,"22":1,"23":1,"24":1,"25":1,"26":1,"27":1,"28":1,"29":1},"f":{"0":14},"b":{"0":[1,1,1],"1":[0,14],"2":[0,14],"3":[0,14],"4":[14,14],"5":[30,0],"6":[30,30],"7":[0,30],"8":[30,0],"9":[14,14,0]},"inputSourceMap":null,"_coverageSchema":"1a1c01bbd47fc00a2c39e90264f33305004495a9","hash":"f4a7e5fe95d593826d37a2c18b01f0b3f59b76ca"}
,"C:\\Users\\JoseNajera\\Desktop\\proyectos\\prueba_tec\\dist\\src\\domain\\dto\\page\\pageOptions.dto.js": {"path":"C:\\Users\\JoseNajera\\Desktop\\proyectos\\prueba_tec\\dist\\src\\domain\\dto\\page\\pageOptions.dto.js","statementMap":{"0":{"start":{"line":2,"column":0},"end":{"line":2,"column":62}},"1":{"start":{"line":3,"column":0},"end":{"line":3,"column":32}},"2":{"start":{"line":4,"column":25},"end":{"line":4,"column":66}},"3":{"start":{"line":7,"column":8},"end":{"line":7,"column":88}},"4":{"start":{"line":8,"column":8},"end":{"line":8,"column":25}},"5":{"start":{"line":9,"column":8},"end":{"line":9,"column":25}},"6":{"start":{"line":12,"column":8},"end":{"line":12,"column":43}},"7":{"start":{"line":15,"column":0},"end":{"line":15,"column":40}}},"fnMap":{"0":{"name":"(anonymous_0)","decl":{"start":{"line":6,"column":4},"end":{"line":6,"column":5}},"loc":{"start":{"line":6,"column":77},"end":{"line":10,"column":5}},"line":6},"1":{"name":"(anonymous_1)","decl":{"start":{"line":11,"column":4},"end":{"line":11,"column":5}},"loc":{"start":{"line":11,"column":15},"end":{"line":13,"column":5}},"line":11}},"branchMap":{"0":{"loc":{"start":{"line":6,"column":16},"end":{"line":6,"column":54}},"type":"default-arg","locations":[{"start":{"line":6,"column":24},"end":{"line":6,"column":54}}],"line":6},"1":{"loc":{"start":{"line":6,"column":56},"end":{"line":6,"column":64}},"type":"default-arg","locations":[{"start":{"line":6,"column":63},"end":{"line":6,"column":64}}],"line":6},"2":{"loc":{"start":{"line":6,"column":66},"end":{"line":6,"column":75}},"type":"default-arg","locations":[{"start":{"line":6,"column":73},"end":{"line":6,"column":75}}],"line":6},"3":{"loc":{"start":{"line":7,"column":21},"end":{"line":7,"column":87}},"type":"cond-expr","locations":[{"start":{"line":7,"column":49},"end":{"line":7,"column":54}},{"start":{"line":7,"column":57},"end":{"line":7,"column":87}}],"line":7}},"s":{"0":1,"1":1,"2":1,"3":0,"4":0,"5":0,"6":0,"7":1},"f":{"0":0,"1":0},"b":{"0":[0],"1":[0],"2":[0],"3":[0,0]},"inputSourceMap":null,"_coverageSchema":"1a1c01bbd47fc00a2c39e90264f33305004495a9","hash":"471c9f342833990a442e194e4caf0398217e1cea"}
,"C:\\Users\\JoseNajera\\Desktop\\proyectos\\prueba_tec\\dist\\src\\domain\\dto\\page\\pagination.dto.js": {"path":"C:\\Users\\JoseNajera\\Desktop\\proyectos\\prueba_tec\\dist\\src\\domain\\dto\\page\\pagination.dto.js","statementMap":{"0":{"start":{"line":2,"column":0},"end":{"line":2,"column":62}},"1":{"start":{"line":3,"column":0},"end":{"line":3,"column":31}},"2":{"start":{"line":6,"column":8},"end":{"line":6,"column":25}},"3":{"start":{"line":7,"column":8},"end":{"line":7,"column":25}},"4":{"start":{"line":10,"column":0},"end":{"line":10,"column":38}}},"fnMap":{"0":{"name":"(anonymous_0)","decl":{"start":{"line":5,"column":4},"end":{"line":5,"column":5}},"loc":{"start":{"line":5,"column":28},"end":{"line":8,"column":5}},"line":5}},"branchMap":{},"s":{"0":1,"1":1,"2":1,"3":1,"4":1},"f":{"0":1},"b":{},"inputSourceMap":null,"_coverageSchema":"1a1c01bbd47fc00a2c39e90264f33305004495a9","hash":"b755c7927e37007a9668db820e7de75579065872"}
,"C:\\Users\\JoseNajera\\Desktop\\proyectos\\prueba_tec\\dist\\src\\domain\\entities\\user.js": {"path":"C:\\Users\\JoseNajera\\Desktop\\proyectos\\prueba_tec\\dist\\src\\domain\\entities\\user.js","statementMap":{"0":{"start":{"line":2,"column":0},"end":{"line":2,"column":62}},"1":{"start":{"line":3,"column":0},"end":{"line":3,"column":28}},"2":{"start":{"line":5,"column":0},"end":{"line":8,"column":57}},"3":{"start":{"line":6,"column":4},"end":{"line":6,"column":33}},"4":{"start":{"line":7,"column":4},"end":{"line":7,"column":36}}},"fnMap":{"0":{"name":"(anonymous_0)","decl":{"start":{"line":5,"column":1},"end":{"line":5,"column":2}},"loc":{"start":{"line":5,"column":23},"end":{"line":8,"column":1}},"line":5}},"branchMap":{"0":{"loc":{"start":{"line":8,"column":3},"end":{"line":8,"column":55}},"type":"binary-expr","locations":[{"start":{"line":8,"column":3},"end":{"line":8,"column":13}},{"start":{"line":8,"column":18},"end":{"line":8,"column":54}}],"line":8}},"s":{"0":6,"1":6,"2":6,"3":6,"4":6},"f":{"0":6},"b":{"0":[6,6]},"inputSourceMap":null,"_coverageSchema":"1a1c01bbd47fc00a2c39e90264f33305004495a9","hash":"3b45ac4e4e4a84ea55cf6d1b7b47bc113f3f423a"}
,"C:\\Users\\JoseNajera\\Desktop\\proyectos\\prueba_tec\\dist\\src\\domain\\enum\\page\\orderPage.enum.js": {"path":"C:\\Users\\JoseNajera\\Desktop\\proyectos\\prueba_tec\\dist\\src\\domain\\enum\\page\\orderPage.enum.js","statementMap":{"0":{"start":{"line":2,"column":0},"end":{"line":2,"column":62}},"1":{"start":{"line":3,"column":0},"end":{"line":3,"column":27}},"2":{"start":{"line":5,"column":0},"end":{"line":8,"column":54}},"3":{"start":{"line":6,"column":4},"end":{"line":6,"column":29}},"4":{"start":{"line":7,"column":4},"end":{"line":7,"column":31}}},"fnMap":{"0":{"name":"(anonymous_0)","decl":{"start":{"line":5,"column":1},"end":{"line":5,"column":2}},"loc":{"start":{"line":5,"column":22},"end":{"line":8,"column":1}},"line":5}},"branchMap":{"0":{"loc":{"start":{"line":8,"column":3},"end":{"line":8,"column":52}},"type":"binary-expr","locations":[{"start":{"line":8,"column":3},"end":{"line":8,"column":12}},{"start":{"line":8,"column":17},"end":{"line":8,"column":51}}],"line":8}},"s":{"0":2,"1":2,"2":2,"3":2,"4":2},"f":{"0":2},"b":{"0":[2,2]},"inputSourceMap":null,"_coverageSchema":"1a1c01bbd47fc00a2c39e90264f33305004495a9","hash":"02a7468aced1a9b1f4fc091dade7764fc8c85e3f"}
,"C:\\Users\\JoseNajera\\Desktop\\proyectos\\prueba_tec\\dist\\src\\domain\\repositories\\userRepository.js": {"path":"C:\\Users\\JoseNajera\\Desktop\\proyectos\\prueba_tec\\dist\\src\\domain\\repositories\\userRepository.js","statementMap":{"0":{"start":{"line":2,"column":16},"end":{"line":10,"column":1}},"1":{"start":{"line":3,"column":28},"end":{"line":3,"column":110}},"2":{"start":{"line":3,"column":91},"end":{"line":3,"column":106}},"3":{"start":{"line":4,"column":4},"end":{"line":9,"column":7}},"4":{"start":{"line":5,"column":36},"end":{"line":5,"column":97}},"5":{"start":{"line":5,"column":42},"end":{"line":5,"column":70}},"6":{"start":{"line":5,"column":85},"end":{"line":5,"column":95}},"7":{"start":{"line":6,"column":35},"end":{"line":6,"column":100}},"8":{"start":{"line":6,"column":41},"end":{"line":6,"column":73}},"9":{"start":{"line":6,"column":88},"end":{"line":6,"column":98}},"10":{"start":{"line":7,"column":32},"end":{"line":7,"column":116}},"11":{"start":{"line":8,"column":8},"end":{"line":8,"column":78}},"12":{"start":{"line":11,"column":0},"end":{"line":11,"column":62}},"13":{"start":{"line":12,"column":0},"end":{"line":12,"column":36}},"14":{"start":{"line":13,"column":25},"end":{"line":13,"column":62}},"15":{"start":{"line":16,"column":8},"end":{"line":16,"column":45}},"16":{"start":{"line":19,"column":8},"end":{"line":21,"column":11}},"17":{"start":{"line":20,"column":12},"end":{"line":20,"column":58}},"18":{"start":{"line":24,"column":8},"end":{"line":28,"column":11}},"19":{"start":{"line":25,"column":27},"end":{"line":25,"column":90}},"20":{"start":{"line":26,"column":26},"end":{"line":26,"column":78}},"21":{"start":{"line":26,"column":53},"end":{"line":26,"column":76}},"22":{"start":{"line":27,"column":12},"end":{"line":27,"column":78}},"23":{"start":{"line":31,"column":8},"end":{"line":33,"column":11}},"24":{"start":{"line":32,"column":12},"end":{"line":32,"column":58}},"25":{"start":{"line":36,"column":0},"end":{"line":36,"column":48}}},"fnMap":{"0":{"name":"(anonymous_0)","decl":{"start":{"line":2,"column":44},"end":{"line":2,"column":45}},"loc":{"start":{"line":2,"column":89},"end":{"line":10,"column":1}},"line":2},"1":{"name":"adopt","decl":{"start":{"line":3,"column":13},"end":{"line":3,"column":18}},"loc":{"start":{"line":3,"column":26},"end":{"line":3,"column":112}},"line":3},"2":{"name":"(anonymous_2)","decl":{"start":{"line":3,"column":70},"end":{"line":3,"column":71}},"loc":{"start":{"line":3,"column":89},"end":{"line":3,"column":108}},"line":3},"3":{"name":"(anonymous_3)","decl":{"start":{"line":4,"column":36},"end":{"line":4,"column":37}},"loc":{"start":{"line":4,"column":63},"end":{"line":9,"column":5}},"line":4},"4":{"name":"fulfilled","decl":{"start":{"line":5,"column":17},"end":{"line":5,"column":26}},"loc":{"start":{"line":5,"column":34},"end":{"line":5,"column":99}},"line":5},"5":{"name":"rejected","decl":{"start":{"line":6,"column":17},"end":{"line":6,"column":25}},"loc":{"start":{"line":6,"column":33},"end":{"line":6,"column":102}},"line":6},"6":{"name":"step","decl":{"start":{"line":7,"column":17},"end":{"line":7,"column":21}},"loc":{"start":{"line":7,"column":30},"end":{"line":7,"column":118}},"line":7},"7":{"name":"(anonymous_7)","decl":{"start":{"line":15,"column":4},"end":{"line":15,"column":5}},"loc":{"start":{"line":15,"column":32},"end":{"line":17,"column":5}},"line":15},"8":{"name":"(anonymous_8)","decl":{"start":{"line":18,"column":4},"end":{"line":18,"column":5}},"loc":{"start":{"line":18,"column":21},"end":{"line":22,"column":5}},"line":18},"9":{"name":"(anonymous_9)","decl":{"start":{"line":19,"column":47},"end":{"line":19,"column":48}},"loc":{"start":{"line":19,"column":60},"end":{"line":21,"column":9}},"line":19},"10":{"name":"(anonymous_10)","decl":{"start":{"line":23,"column":4},"end":{"line":23,"column":5}},"loc":{"start":{"line":23,"column":44},"end":{"line":29,"column":5}},"line":23},"11":{"name":"(anonymous_11)","decl":{"start":{"line":24,"column":47},"end":{"line":24,"column":48}},"loc":{"start":{"line":24,"column":60},"end":{"line":28,"column":9}},"line":24},"12":{"name":"(anonymous_12)","decl":{"start":{"line":26,"column":42},"end":{"line":26,"column":43}},"loc":{"start":{"line":26,"column":53},"end":{"line":26,"column":76}},"line":26},"13":{"name":"(anonymous_13)","decl":{"start":{"line":30,"column":4},"end":{"line":30,"column":5}},"loc":{"start":{"line":30,"column":21},"end":{"line":34,"column":5}},"line":30},"14":{"name":"(anonymous_14)","decl":{"start":{"line":31,"column":47},"end":{"line":31,"column":48}},"loc":{"start":{"line":31,"column":60},"end":{"line":33,"column":9}},"line":31}},"branchMap":{"0":{"loc":{"start":{"line":2,"column":16},"end":{"line":10,"column":1}},"type":"binary-expr","locations":[{"start":{"line":2,"column":17},"end":{"line":2,"column":21}},{"start":{"line":2,"column":25},"end":{"line":2,"column":39}},{"start":{"line":2,"column":44},"end":{"line":10,"column":1}}],"line":2},"1":{"loc":{"start":{"line":3,"column":35},"end":{"line":3,"column":109}},"type":"cond-expr","locations":[{"start":{"line":3,"column":56},"end":{"line":3,"column":61}},{"start":{"line":3,"column":64},"end":{"line":3,"column":109}}],"line":3},"2":{"loc":{"start":{"line":4,"column":16},"end":{"line":4,"column":34}},"type":"binary-expr","locations":[{"start":{"line":4,"column":16},"end":{"line":4,"column":17}},{"start":{"line":4,"column":22},"end":{"line":4,"column":33}}],"line":4},"3":{"loc":{"start":{"line":7,"column":32},"end":{"line":7,"column":115}},"type":"cond-expr","locations":[{"start":{"line":7,"column":46},"end":{"line":7,"column":67}},{"start":{"line":7,"column":70},"end":{"line":7,"column":115}}],"line":7},"4":{"loc":{"start":{"line":8,"column":51},"end":{"line":8,"column":67}},"type":"binary-expr","locations":[{"start":{"line":8,"column":51},"end":{"line":8,"column":61}},{"start":{"line":8,"column":65},"end":{"line":8,"column":67}}],"line":8}},"s":{"0":1,"1":3,"2":0,"3":3,"4":3,"5":3,"6":0,"7":0,"8":0,"9":0,"10":6,"11":3,"12":1,"13":1,"14":1,"15":3,"16":1,"17":1,"18":1,"19":1,"20":1,"21":1,"22":1,"23":1,"24":1,"25":1},"f":{"0":3,"1":3,"2":0,"3":3,"4":3,"5":0,"6":6,"7":3,"8":1,"9":1,"10":1,"11":1,"12":1,"13":1,"14":1},"b":{"0":[1,1,1],"1":[3,0],"2":[3,3],"3":[3,3],"4":[3,3]},"inputSourceMap":null,"_coverageSchema":"1a1c01bbd47fc00a2c39e90264f33305004495a9","hash":"4e87110588272ec60b3ba12dc673df8f7a2945e2"}
,"C:\\Users\\JoseNajera\\Desktop\\proyectos\\prueba_tec\\dist\\src\\domain\\useCases\\user\\createUser.js": {"path":"C:\\Users\\JoseNajera\\Desktop\\proyectos\\prueba_tec\\dist\\src\\domain\\useCases\\user\\createUser.js","statementMap":{"0":{"start":{"line":2,"column":16},"end":{"line":10,"column":1}},"1":{"start":{"line":3,"column":28},"end":{"line":3,"column":110}},"2":{"start":{"line":3,"column":91},"end":{"line":3,"column":106}},"3":{"start":{"line":4,"column":4},"end":{"line":9,"column":7}},"4":{"start":{"line":5,"column":36},"end":{"line":5,"column":97}},"5":{"start":{"line":5,"column":42},"end":{"line":5,"column":70}},"6":{"start":{"line":5,"column":85},"end":{"line":5,"column":95}},"7":{"start":{"line":6,"column":35},"end":{"line":6,"column":100}},"8":{"start":{"line":6,"column":41},"end":{"line":6,"column":73}},"9":{"start":{"line":6,"column":88},"end":{"line":6,"column":98}},"10":{"start":{"line":7,"column":32},"end":{"line":7,"column":116}},"11":{"start":{"line":8,"column":8},"end":{"line":8,"column":78}},"12":{"start":{"line":11,"column":0},"end":{"line":11,"column":62}},"13":{"start":{"line":12,"column":0},"end":{"line":12,"column":28}},"14":{"start":{"line":15,"column":8},"end":{"line":15,"column":46}},"15":{"start":{"line":18,"column":8},"end":{"line":20,"column":11}},"16":{"start":{"line":19,"column":12},"end":{"line":19,"column":63}},"17":{"start":{"line":23,"column":0},"end":{"line":23,"column":32}}},"fnMap":{"0":{"name":"(anonymous_0)","decl":{"start":{"line":2,"column":44},"end":{"line":2,"column":45}},"loc":{"start":{"line":2,"column":89},"end":{"line":10,"column":1}},"line":2},"1":{"name":"adopt","decl":{"start":{"line":3,"column":13},"end":{"line":3,"column":18}},"loc":{"start":{"line":3,"column":26},"end":{"line":3,"column":112}},"line":3},"2":{"name":"(anonymous_2)","decl":{"start":{"line":3,"column":70},"end":{"line":3,"column":71}},"loc":{"start":{"line":3,"column":89},"end":{"line":3,"column":108}},"line":3},"3":{"name":"(anonymous_3)","decl":{"start":{"line":4,"column":36},"end":{"line":4,"column":37}},"loc":{"start":{"line":4,"column":63},"end":{"line":9,"column":5}},"line":4},"4":{"name":"fulfilled","decl":{"start":{"line":5,"column":17},"end":{"line":5,"column":26}},"loc":{"start":{"line":5,"column":34},"end":{"line":5,"column":99}},"line":5},"5":{"name":"rejected","decl":{"start":{"line":6,"column":17},"end":{"line":6,"column":25}},"loc":{"start":{"line":6,"column":33},"end":{"line":6,"column":102}},"line":6},"6":{"name":"step","decl":{"start":{"line":7,"column":17},"end":{"line":7,"column":21}},"loc":{"start":{"line":7,"column":30},"end":{"line":7,"column":118}},"line":7},"7":{"name":"(anonymous_7)","decl":{"start":{"line":14,"column":4},"end":{"line":14,"column":5}},"loc":{"start":{"line":14,"column":32},"end":{"line":16,"column":5}},"line":14},"8":{"name":"(anonymous_8)","decl":{"start":{"line":17,"column":4},"end":{"line":17,"column":5}},"loc":{"start":{"line":17,"column":18},"end":{"line":21,"column":5}},"line":17},"9":{"name":"(anonymous_9)","decl":{"start":{"line":18,"column":47},"end":{"line":18,"column":48}},"loc":{"start":{"line":18,"column":60},"end":{"line":20,"column":9}},"line":18}},"branchMap":{"0":{"loc":{"start":{"line":2,"column":16},"end":{"line":10,"column":1}},"type":"binary-expr","locations":[{"start":{"line":2,"column":17},"end":{"line":2,"column":21}},{"start":{"line":2,"column":25},"end":{"line":2,"column":39}},{"start":{"line":2,"column":44},"end":{"line":10,"column":1}}],"line":2},"1":{"loc":{"start":{"line":3,"column":35},"end":{"line":3,"column":109}},"type":"cond-expr","locations":[{"start":{"line":3,"column":56},"end":{"line":3,"column":61}},{"start":{"line":3,"column":64},"end":{"line":3,"column":109}}],"line":3},"2":{"loc":{"start":{"line":4,"column":16},"end":{"line":4,"column":34}},"type":"binary-expr","locations":[{"start":{"line":4,"column":16},"end":{"line":4,"column":17}},{"start":{"line":4,"column":22},"end":{"line":4,"column":33}}],"line":4},"3":{"loc":{"start":{"line":7,"column":32},"end":{"line":7,"column":115}},"type":"cond-expr","locations":[{"start":{"line":7,"column":46},"end":{"line":7,"column":67}},{"start":{"line":7,"column":70},"end":{"line":7,"column":115}}],"line":7},"4":{"loc":{"start":{"line":8,"column":51},"end":{"line":8,"column":67}},"type":"binary-expr","locations":[{"start":{"line":8,"column":51},"end":{"line":8,"column":61}},{"start":{"line":8,"column":65},"end":{"line":8,"column":67}}],"line":8}},"s":{"0":1,"1":1,"2":0,"3":1,"4":1,"5":1,"6":0,"7":0,"8":0,"9":0,"10":2,"11":1,"12":1,"13":1,"14":1,"15":1,"16":1,"17":1},"f":{"0":1,"1":1,"2":0,"3":1,"4":1,"5":0,"6":2,"7":1,"8":1,"9":1},"b":{"0":[1,1,1],"1":[1,0],"2":[1,1],"3":[1,1],"4":[1,1]},"inputSourceMap":null,"_coverageSchema":"1a1c01bbd47fc00a2c39e90264f33305004495a9","hash":"c68d97b2f32a10a836c886d1facb5db1c2a2209c"}
,"C:\\Users\\JoseNajera\\Desktop\\proyectos\\prueba_tec\\dist\\src\\domain\\useCases\\user\\getAllUser.js": {"path":"C:\\Users\\JoseNajera\\Desktop\\proyectos\\prueba_tec\\dist\\src\\domain\\useCases\\user\\getAllUser.js","statementMap":{"0":{"start":{"line":2,"column":16},"end":{"line":10,"column":1}},"1":{"start":{"line":3,"column":28},"end":{"line":3,"column":110}},"2":{"start":{"line":3,"column":91},"end":{"line":3,"column":106}},"3":{"start":{"line":4,"column":4},"end":{"line":9,"column":7}},"4":{"start":{"line":5,"column":36},"end":{"line":5,"column":97}},"5":{"start":{"line":5,"column":42},"end":{"line":5,"column":70}},"6":{"start":{"line":5,"column":85},"end":{"line":5,"column":95}},"7":{"start":{"line":6,"column":35},"end":{"line":6,"column":100}},"8":{"start":{"line":6,"column":41},"end":{"line":6,"column":73}},"9":{"start":{"line":6,"column":88},"end":{"line":6,"column":98}},"10":{"start":{"line":7,"column":32},"end":{"line":7,"column":116}},"11":{"start":{"line":8,"column":8},"end":{"line":8,"column":78}},"12":{"start":{"line":11,"column":0},"end":{"line":11,"column":62}},"13":{"start":{"line":12,"column":0},"end":{"line":12,"column":29}},"14":{"start":{"line":15,"column":8},"end":{"line":15,"column":46}},"15":{"start":{"line":18,"column":8},"end":{"line":20,"column":11}},"16":{"start":{"line":19,"column":12},"end":{"line":19,"column":86}},"17":{"start":{"line":23,"column":0},"end":{"line":23,"column":34}}},"fnMap":{"0":{"name":"(anonymous_0)","decl":{"start":{"line":2,"column":44},"end":{"line":2,"column":45}},"loc":{"start":{"line":2,"column":89},"end":{"line":10,"column":1}},"line":2},"1":{"name":"adopt","decl":{"start":{"line":3,"column":13},"end":{"line":3,"column":18}},"loc":{"start":{"line":3,"column":26},"end":{"line":3,"column":112}},"line":3},"2":{"name":"(anonymous_2)","decl":{"start":{"line":3,"column":70},"end":{"line":3,"column":71}},"loc":{"start":{"line":3,"column":89},"end":{"line":3,"column":108}},"line":3},"3":{"name":"(anonymous_3)","decl":{"start":{"line":4,"column":36},"end":{"line":4,"column":37}},"loc":{"start":{"line":4,"column":63},"end":{"line":9,"column":5}},"line":4},"4":{"name":"fulfilled","decl":{"start":{"line":5,"column":17},"end":{"line":5,"column":26}},"loc":{"start":{"line":5,"column":34},"end":{"line":5,"column":99}},"line":5},"5":{"name":"rejected","decl":{"start":{"line":6,"column":17},"end":{"line":6,"column":25}},"loc":{"start":{"line":6,"column":33},"end":{"line":6,"column":102}},"line":6},"6":{"name":"step","decl":{"start":{"line":7,"column":17},"end":{"line":7,"column":21}},"loc":{"start":{"line":7,"column":30},"end":{"line":7,"column":118}},"line":7},"7":{"name":"(anonymous_7)","decl":{"start":{"line":14,"column":4},"end":{"line":14,"column":5}},"loc":{"start":{"line":14,"column":32},"end":{"line":16,"column":5}},"line":14},"8":{"name":"(anonymous_8)","decl":{"start":{"line":17,"column":4},"end":{"line":17,"column":5}},"loc":{"start":{"line":17,"column":43},"end":{"line":21,"column":5}},"line":17},"9":{"name":"(anonymous_9)","decl":{"start":{"line":18,"column":47},"end":{"line":18,"column":48}},"loc":{"start":{"line":18,"column":60},"end":{"line":20,"column":9}},"line":18}},"branchMap":{"0":{"loc":{"start":{"line":2,"column":16},"end":{"line":10,"column":1}},"type":"binary-expr","locations":[{"start":{"line":2,"column":17},"end":{"line":2,"column":21}},{"start":{"line":2,"column":25},"end":{"line":2,"column":39}},{"start":{"line":2,"column":44},"end":{"line":10,"column":1}}],"line":2},"1":{"loc":{"start":{"line":3,"column":35},"end":{"line":3,"column":109}},"type":"cond-expr","locations":[{"start":{"line":3,"column":56},"end":{"line":3,"column":61}},{"start":{"line":3,"column":64},"end":{"line":3,"column":109}}],"line":3},"2":{"loc":{"start":{"line":4,"column":16},"end":{"line":4,"column":34}},"type":"binary-expr","locations":[{"start":{"line":4,"column":16},"end":{"line":4,"column":17}},{"start":{"line":4,"column":22},"end":{"line":4,"column":33}}],"line":4},"3":{"loc":{"start":{"line":7,"column":32},"end":{"line":7,"column":115}},"type":"cond-expr","locations":[{"start":{"line":7,"column":46},"end":{"line":7,"column":67}},{"start":{"line":7,"column":70},"end":{"line":7,"column":115}}],"line":7},"4":{"loc":{"start":{"line":8,"column":51},"end":{"line":8,"column":67}},"type":"binary-expr","locations":[{"start":{"line":8,"column":51},"end":{"line":8,"column":61}},{"start":{"line":8,"column":65},"end":{"line":8,"column":67}}],"line":8}},"s":{"0":1,"1":1,"2":0,"3":1,"4":1,"5":1,"6":0,"7":0,"8":0,"9":0,"10":2,"11":1,"12":1,"13":1,"14":1,"15":1,"16":1,"17":1},"f":{"0":1,"1":1,"2":0,"3":1,"4":1,"5":0,"6":2,"7":1,"8":1,"9":1},"b":{"0":[1,1,1],"1":[1,0],"2":[1,1],"3":[1,1],"4":[1,1]},"inputSourceMap":null,"_coverageSchema":"1a1c01bbd47fc00a2c39e90264f33305004495a9","hash":"c7f56a90d11d8ab614e1e51d275087fd91144897"}
,"C:\\Users\\JoseNajera\\Desktop\\proyectos\\prueba_tec\\dist\\src\\domain\\useCases\\user\\updateUser.js": {"path":"C:\\Users\\JoseNajera\\Desktop\\proyectos\\prueba_tec\\dist\\src\\domain\\useCases\\user\\updateUser.js","statementMap":{"0":{"start":{"line":2,"column":16},"end":{"line":10,"column":1}},"1":{"start":{"line":3,"column":28},"end":{"line":3,"column":110}},"2":{"start":{"line":3,"column":91},"end":{"line":3,"column":106}},"3":{"start":{"line":4,"column":4},"end":{"line":9,"column":7}},"4":{"start":{"line":5,"column":36},"end":{"line":5,"column":97}},"5":{"start":{"line":5,"column":42},"end":{"line":5,"column":70}},"6":{"start":{"line":5,"column":85},"end":{"line":5,"column":95}},"7":{"start":{"line":6,"column":35},"end":{"line":6,"column":100}},"8":{"start":{"line":6,"column":41},"end":{"line":6,"column":73}},"9":{"start":{"line":6,"column":88},"end":{"line":6,"column":98}},"10":{"start":{"line":7,"column":32},"end":{"line":7,"column":116}},"11":{"start":{"line":8,"column":8},"end":{"line":8,"column":78}},"12":{"start":{"line":11,"column":0},"end":{"line":11,"column":62}},"13":{"start":{"line":12,"column":0},"end":{"line":12,"column":28}},"14":{"start":{"line":15,"column":8},"end":{"line":15,"column":45}},"15":{"start":{"line":18,"column":8},"end":{"line":20,"column":11}},"16":{"start":{"line":19,"column":12},"end":{"line":19,"column":62}},"17":{"start":{"line":23,"column":0},"end":{"line":23,"column":32}}},"fnMap":{"0":{"name":"(anonymous_0)","decl":{"start":{"line":2,"column":44},"end":{"line":2,"column":45}},"loc":{"start":{"line":2,"column":89},"end":{"line":10,"column":1}},"line":2},"1":{"name":"adopt","decl":{"start":{"line":3,"column":13},"end":{"line":3,"column":18}},"loc":{"start":{"line":3,"column":26},"end":{"line":3,"column":112}},"line":3},"2":{"name":"(anonymous_2)","decl":{"start":{"line":3,"column":70},"end":{"line":3,"column":71}},"loc":{"start":{"line":3,"column":89},"end":{"line":3,"column":108}},"line":3},"3":{"name":"(anonymous_3)","decl":{"start":{"line":4,"column":36},"end":{"line":4,"column":37}},"loc":{"start":{"line":4,"column":63},"end":{"line":9,"column":5}},"line":4},"4":{"name":"fulfilled","decl":{"start":{"line":5,"column":17},"end":{"line":5,"column":26}},"loc":{"start":{"line":5,"column":34},"end":{"line":5,"column":99}},"line":5},"5":{"name":"rejected","decl":{"start":{"line":6,"column":17},"end":{"line":6,"column":25}},"loc":{"start":{"line":6,"column":33},"end":{"line":6,"column":102}},"line":6},"6":{"name":"step","decl":{"start":{"line":7,"column":17},"end":{"line":7,"column":21}},"loc":{"start":{"line":7,"column":30},"end":{"line":7,"column":118}},"line":7},"7":{"name":"(anonymous_7)","decl":{"start":{"line":14,"column":4},"end":{"line":14,"column":5}},"loc":{"start":{"line":14,"column":32},"end":{"line":16,"column":5}},"line":14},"8":{"name":"(anonymous_8)","decl":{"start":{"line":17,"column":4},"end":{"line":17,"column":5}},"loc":{"start":{"line":17,"column":18},"end":{"line":21,"column":5}},"line":17},"9":{"name":"(anonymous_9)","decl":{"start":{"line":18,"column":47},"end":{"line":18,"column":48}},"loc":{"start":{"line":18,"column":60},"end":{"line":20,"column":9}},"line":18}},"branchMap":{"0":{"loc":{"start":{"line":2,"column":16},"end":{"line":10,"column":1}},"type":"binary-expr","locations":[{"start":{"line":2,"column":17},"end":{"line":2,"column":21}},{"start":{"line":2,"column":25},"end":{"line":2,"column":39}},{"start":{"line":2,"column":44},"end":{"line":10,"column":1}}],"line":2},"1":{"loc":{"start":{"line":3,"column":35},"end":{"line":3,"column":109}},"type":"cond-expr","locations":[{"start":{"line":3,"column":56},"end":{"line":3,"column":61}},{"start":{"line":3,"column":64},"end":{"line":3,"column":109}}],"line":3},"2":{"loc":{"start":{"line":4,"column":16},"end":{"line":4,"column":34}},"type":"binary-expr","locations":[{"start":{"line":4,"column":16},"end":{"line":4,"column":17}},{"start":{"line":4,"column":22},"end":{"line":4,"column":33}}],"line":4},"3":{"loc":{"start":{"line":7,"column":32},"end":{"line":7,"column":115}},"type":"cond-expr","locations":[{"start":{"line":7,"column":46},"end":{"line":7,"column":67}},{"start":{"line":7,"column":70},"end":{"line":7,"column":115}}],"line":7},"4":{"loc":{"start":{"line":8,"column":51},"end":{"line":8,"column":67}},"type":"binary-expr","locations":[{"start":{"line":8,"column":51},"end":{"line":8,"column":61}},{"start":{"line":8,"column":65},"end":{"line":8,"column":67}}],"line":8}},"s":{"0":1,"1":1,"2":0,"3":1,"4":1,"5":1,"6":0,"7":0,"8":0,"9":0,"10":2,"11":1,"12":1,"13":1,"14":1,"15":1,"16":1,"17":1},"f":{"0":1,"1":1,"2":0,"3":1,"4":1,"5":0,"6":2,"7":1,"8":1,"9":1},"b":{"0":[1,1,1],"1":[1,0],"2":[1,1],"3":[1,1],"4":[1,1]},"inputSourceMap":null,"_coverageSchema":"1a1c01bbd47fc00a2c39e90264f33305004495a9","hash":"2425c73d8be08de8a468722ca97ef1891a4e0013"}
,"C:\\Users\\JoseNajera\\Desktop\\proyectos\\prueba_tec\\dist\\src\\presentation\\controllers\\user\\createUser.controller.js": {"path":"C:\\Users\\JoseNajera\\Desktop\\proyectos\\prueba_tec\\dist\\src\\presentation\\controllers\\user\\createUser.controller.js","statementMap":{"0":{"start":{"line":2,"column":16},"end":{"line":10,"column":1}},"1":{"start":{"line":3,"column":28},"end":{"line":3,"column":110}},"2":{"start":{"line":3,"column":91},"end":{"line":3,"column":106}},"3":{"start":{"line":4,"column":4},"end":{"line":9,"column":7}},"4":{"start":{"line":5,"column":36},"end":{"line":5,"column":97}},"5":{"start":{"line":5,"column":42},"end":{"line":5,"column":70}},"6":{"start":{"line":5,"column":85},"end":{"line":5,"column":95}},"7":{"start":{"line":6,"column":35},"end":{"line":6,"column":100}},"8":{"start":{"line":6,"column":41},"end":{"line":6,"column":73}},"9":{"start":{"line":6,"column":88},"end":{"line":6,"column":98}},"10":{"start":{"line":7,"column":32},"end":{"line":7,"column":116}},"11":{"start":{"line":8,"column":8},"end":{"line":8,"column":78}},"12":{"start":{"line":11,"column":22},"end":{"line":13,"column":1}},"13":{"start":{"line":12,"column":4},"end":{"line":12,"column":62}},"14":{"start":{"line":14,"column":0},"end":{"line":14,"column":62}},"15":{"start":{"line":15,"column":0},"end":{"line":15,"column":32}},"16":{"start":{"line":16,"column":19},"end":{"line":16,"column":58}},"17":{"start":{"line":17,"column":26},"end":{"line":17,"column":52}},"18":{"start":{"line":18,"column":28},"end":{"line":18,"column":56}},"19":{"start":{"line":19,"column":20},"end":{"line":19,"column":100}},"20":{"start":{"line":20,"column":23},"end":{"line":56,"column":2}},"21":{"start":{"line":20,"column":56},"end":{"line":56,"column":2}},"22":{"start":{"line":21,"column":4},"end":{"line":55,"column":5}},"23":{"start":{"line":22,"column":30},"end":{"line":22,"column":103}},"24":{"start":{"line":23,"column":23},"end":{"line":23,"column":75}},"25":{"start":{"line":24,"column":8},"end":{"line":32,"column":9}},"26":{"start":{"line":25,"column":12},"end":{"line":31,"column":15}},"27":{"start":{"line":27,"column":48},"end":{"line":30,"column":17}},"28":{"start":{"line":33,"column":26},"end":{"line":37,"column":10}},"29":{"start":{"line":38,"column":8},"end":{"line":43,"column":9}},"30":{"start":{"line":39,"column":12},"end":{"line":42,"column":15}},"31":{"start":{"line":44,"column":8},"end":{"line":44,"column":55}},"32":{"start":{"line":45,"column":8},"end":{"line":48,"column":11}},"33":{"start":{"line":51,"column":8},"end":{"line":53,"column":11}},"34":{"start":{"line":54,"column":8},"end":{"line":54,"column":25}},"35":{"start":{"line":57,"column":0},"end":{"line":57,"column":40}}},"fnMap":{"0":{"name":"(anonymous_0)","decl":{"start":{"line":2,"column":44},"end":{"line":2,"column":45}},"loc":{"start":{"line":2,"column":89},"end":{"line":10,"column":1}},"line":2},"1":{"name":"adopt","decl":{"start":{"line":3,"column":13},"end":{"line":3,"column":18}},"loc":{"start":{"line":3,"column":26},"end":{"line":3,"column":112}},"line":3},"2":{"name":"(anonymous_2)","decl":{"start":{"line":3,"column":70},"end":{"line":3,"column":71}},"loc":{"start":{"line":3,"column":89},"end":{"line":3,"column":108}},"line":3},"3":{"name":"(anonymous_3)","decl":{"start":{"line":4,"column":36},"end":{"line":4,"column":37}},"loc":{"start":{"line":4,"column":63},"end":{"line":9,"column":5}},"line":4},"4":{"name":"fulfilled","decl":{"start":{"line":5,"column":17},"end":{"line":5,"column":26}},"loc":{"start":{"line":5,"column":34},"end":{"line":5,"column":99}},"line":5},"5":{"name":"rejected","decl":{"start":{"line":6,"column":17},"end":{"line":6,"column":25}},"loc":{"start":{"line":6,"column":33},"end":{"line":6,"column":102}},"line":6},"6":{"name":"step","decl":{"start":{"line":7,"column":17},"end":{"line":7,"column":21}},"loc":{"start":{"line":7,"column":30},"end":{"line":7,"column":118}},"line":7},"7":{"name":"(anonymous_7)","decl":{"start":{"line":11,"column":56},"end":{"line":11,"column":57}},"loc":{"start":{"line":11,"column":71},"end":{"line":13,"column":1}},"line":11},"8":{"name":"(anonymous_8)","decl":{"start":{"line":20,"column":23},"end":{"line":20,"column":24}},"loc":{"start":{"line":20,"column":56},"end":{"line":56,"column":2}},"line":20},"9":{"name":"(anonymous_9)","decl":{"start":{"line":20,"column":90},"end":{"line":20,"column":91}},"loc":{"start":{"line":20,"column":103},"end":{"line":56,"column":1}},"line":20},"10":{"name":"(anonymous_10)","decl":{"start":{"line":27,"column":36},"end":{"line":27,"column":37}},"loc":{"start":{"line":27,"column":48},"end":{"line":30,"column":17}},"line":27}},"branchMap":{"0":{"loc":{"start":{"line":2,"column":16},"end":{"line":10,"column":1}},"type":"binary-expr","locations":[{"start":{"line":2,"column":17},"end":{"line":2,"column":21}},{"start":{"line":2,"column":25},"end":{"line":2,"column":39}},{"start":{"line":2,"column":44},"end":{"line":10,"column":1}}],"line":2},"1":{"loc":{"start":{"line":3,"column":35},"end":{"line":3,"column":109}},"type":"cond-expr","locations":[{"start":{"line":3,"column":56},"end":{"line":3,"column":61}},{"start":{"line":3,"column":64},"end":{"line":3,"column":109}}],"line":3},"2":{"loc":{"start":{"line":4,"column":16},"end":{"line":4,"column":34}},"type":"binary-expr","locations":[{"start":{"line":4,"column":16},"end":{"line":4,"column":17}},{"start":{"line":4,"column":22},"end":{"line":4,"column":33}}],"line":4},"3":{"loc":{"start":{"line":7,"column":32},"end":{"line":7,"column":115}},"type":"cond-expr","locations":[{"start":{"line":7,"column":46},"end":{"line":7,"column":67}},{"start":{"line":7,"column":70},"end":{"line":7,"column":115}}],"line":7},"4":{"loc":{"start":{"line":8,"column":51},"end":{"line":8,"column":67}},"type":"binary-expr","locations":[{"start":{"line":8,"column":51},"end":{"line":8,"column":61}},{"start":{"line":8,"column":65},"end":{"line":8,"column":67}}],"line":8},"5":{"loc":{"start":{"line":11,"column":22},"end":{"line":13,"column":1}},"type":"binary-expr","locations":[{"start":{"line":11,"column":23},"end":{"line":11,"column":27}},{"start":{"line":11,"column":31},"end":{"line":11,"column":51}},{"start":{"line":11,"column":56},"end":{"line":13,"column":1}}],"line":11},"6":{"loc":{"start":{"line":12,"column":11},"end":{"line":12,"column":61}},"type":"cond-expr","locations":[{"start":{"line":12,"column":37},"end":{"line":12,"column":40}},{"start":{"line":12,"column":43},"end":{"line":12,"column":61}}],"line":12},"7":{"loc":{"start":{"line":12,"column":12},"end":{"line":12,"column":33}},"type":"binary-expr","locations":[{"start":{"line":12,"column":12},"end":{"line":12,"column":15}},{"start":{"line":12,"column":19},"end":{"line":12,"column":33}}],"line":12},"8":{"loc":{"start":{"line":24,"column":8},"end":{"line":32,"column":9}},"type":"if","locations":[{"start":{"line":24,"column":8},"end":{"line":32,"column":9}},{"start":{},"end":{}}],"line":24},"9":{"loc":{"start":{"line":38,"column":8},"end":{"line":43,"column":9}},"type":"if","locations":[{"start":{"line":38,"column":8},"end":{"line":43,"column":9}},{"start":{},"end":{}}],"line":38}},"s":{"0":1,"1":4,"2":0,"3":2,"4":4,"5":4,"6":0,"7":0,"8":0,"9":0,"10":6,"11":2,"12":1,"13":1,"14":1,"15":1,"16":1,"17":1,"18":1,"19":1,"20":1,"21":2,"22":2,"23":2,"24":2,"25":2,"26":0,"27":0,"28":2,"29":2,"30":2,"31":0,"32":0,"33":0,"34":0,"35":1},"f":{"0":2,"1":4,"2":0,"3":2,"4":4,"5":0,"6":6,"7":1,"8":2,"9":2,"10":0},"b":{"0":[1,1,1],"1":[4,0],"2":[2,2],"3":[2,4],"4":[2,2],"5":[1,1,1],"6":[1,0],"7":[1,1],"8":[0,2],"9":[2,0]},"inputSourceMap":null,"_coverageSchema":"1a1c01bbd47fc00a2c39e90264f33305004495a9","hash":"5e2fde772f9affcbe37ee761409c3c3717f8d38c"}
,"C:\\Users\\JoseNajera\\Desktop\\proyectos\\prueba_tec\\dist\\src\\presentation\\controllers\\user\\getUsers.controller.js": {"path":"C:\\Users\\JoseNajera\\Desktop\\proyectos\\prueba_tec\\dist\\src\\presentation\\controllers\\user\\getUsers.controller.js","statementMap":{"0":{"start":{"line":2,"column":16},"end":{"line":10,"column":1}},"1":{"start":{"line":3,"column":28},"end":{"line":3,"column":110}},"2":{"start":{"line":3,"column":91},"end":{"line":3,"column":106}},"3":{"start":{"line":4,"column":4},"end":{"line":9,"column":7}},"4":{"start":{"line":5,"column":36},"end":{"line":5,"column":97}},"5":{"start":{"line":5,"column":42},"end":{"line":5,"column":70}},"6":{"start":{"line":5,"column":85},"end":{"line":5,"column":95}},"7":{"start":{"line":6,"column":35},"end":{"line":6,"column":100}},"8":{"start":{"line":6,"column":41},"end":{"line":6,"column":73}},"9":{"start":{"line":6,"column":88},"end":{"line":6,"column":98}},"10":{"start":{"line":7,"column":32},"end":{"line":7,"column":116}},"11":{"start":{"line":8,"column":8},"end":{"line":8,"column":78}},"12":{"start":{"line":11,"column":0},"end":{"line":11,"column":62}},"13":{"start":{"line":12,"column":0},"end":{"line":12,"column":26}},"14":{"start":{"line":13,"column":26},"end":{"line":13,"column":77}},"15":{"start":{"line":14,"column":25},"end":{"line":14,"column":76}},"16":{"start":{"line":15,"column":17},"end":{"line":43,"column":2}},"17":{"start":{"line":15,"column":50},"end":{"line":43,"column":2}},"18":{"start":{"line":16,"column":4},"end":{"line":42,"column":5}},"19":{"start":{"line":17,"column":93},"end":{"line":17,"column":102}},"20":{"start":{"line":18,"column":28},"end":{"line":18,"column":59}},"21":{"start":{"line":20,"column":22},"end":{"line":20,"column":23}},"22":{"start":{"line":21,"column":22},"end":{"line":21,"column":24}},"23":{"start":{"line":22,"column":8},"end":{"line":24,"column":9}},"24":{"start":{"line":23,"column":12},"end":{"line":23,"column":52}},"25":{"start":{"line":25,"column":8},"end":{"line":27,"column":9}},"26":{"start":{"line":26,"column":12},"end":{"line":26,"column":52}},"27":{"start":{"line":28,"column":31},"end":{"line":28,"column":103}},"28":{"start":{"line":29,"column":31},"end":{"line":29,"column":93}},"29":{"start":{"line":30,"column":8},"end":{"line":30,"column":29}},"30":{"start":{"line":31,"column":8},"end":{"line":36,"column":11}},"31":{"start":{"line":39,"column":8},"end":{"line":41,"column":11}},"32":{"start":{"line":44,"column":0},"end":{"line":44,"column":28}}},"fnMap":{"0":{"name":"(anonymous_0)","decl":{"start":{"line":2,"column":44},"end":{"line":2,"column":45}},"loc":{"start":{"line":2,"column":89},"end":{"line":10,"column":1}},"line":2},"1":{"name":"adopt","decl":{"start":{"line":3,"column":13},"end":{"line":3,"column":18}},"loc":{"start":{"line":3,"column":26},"end":{"line":3,"column":112}},"line":3},"2":{"name":"(anonymous_2)","decl":{"start":{"line":3,"column":70},"end":{"line":3,"column":71}},"loc":{"start":{"line":3,"column":89},"end":{"line":3,"column":108}},"line":3},"3":{"name":"(anonymous_3)","decl":{"start":{"line":4,"column":36},"end":{"line":4,"column":37}},"loc":{"start":{"line":4,"column":63},"end":{"line":9,"column":5}},"line":4},"4":{"name":"fulfilled","decl":{"start":{"line":5,"column":17},"end":{"line":5,"column":26}},"loc":{"start":{"line":5,"column":34},"end":{"line":5,"column":99}},"line":5},"5":{"name":"rejected","decl":{"start":{"line":6,"column":17},"end":{"line":6,"column":25}},"loc":{"start":{"line":6,"column":33},"end":{"line":6,"column":102}},"line":6},"6":{"name":"step","decl":{"start":{"line":7,"column":17},"end":{"line":7,"column":21}},"loc":{"start":{"line":7,"column":30},"end":{"line":7,"column":118}},"line":7},"7":{"name":"(anonymous_7)","decl":{"start":{"line":15,"column":17},"end":{"line":15,"column":18}},"loc":{"start":{"line":15,"column":50},"end":{"line":43,"column":2}},"line":15},"8":{"name":"(anonymous_8)","decl":{"start":{"line":15,"column":84},"end":{"line":15,"column":85}},"loc":{"start":{"line":15,"column":97},"end":{"line":43,"column":1}},"line":15}},"branchMap":{"0":{"loc":{"start":{"line":2,"column":16},"end":{"line":10,"column":1}},"type":"binary-expr","locations":[{"start":{"line":2,"column":17},"end":{"line":2,"column":21}},{"start":{"line":2,"column":25},"end":{"line":2,"column":39}},{"start":{"line":2,"column":44},"end":{"line":10,"column":1}}],"line":2},"1":{"loc":{"start":{"line":3,"column":35},"end":{"line":3,"column":109}},"type":"cond-expr","locations":[{"start":{"line":3,"column":56},"end":{"line":3,"column":61}},{"start":{"line":3,"column":64},"end":{"line":3,"column":109}}],"line":3},"2":{"loc":{"start":{"line":4,"column":16},"end":{"line":4,"column":34}},"type":"binary-expr","locations":[{"start":{"line":4,"column":16},"end":{"line":4,"column":17}},{"start":{"line":4,"column":22},"end":{"line":4,"column":33}}],"line":4},"3":{"loc":{"start":{"line":7,"column":32},"end":{"line":7,"column":115}},"type":"cond-expr","locations":[{"start":{"line":7,"column":46},"end":{"line":7,"column":67}},{"start":{"line":7,"column":70},"end":{"line":7,"column":115}}],"line":7},"4":{"loc":{"start":{"line":8,"column":51},"end":{"line":8,"column":67}},"type":"binary-expr","locations":[{"start":{"line":8,"column":51},"end":{"line":8,"column":61}},{"start":{"line":8,"column":65},"end":{"line":8,"column":67}}],"line":8},"5":{"loc":{"start":{"line":17,"column":14},"end":{"line":17,"column":52}},"type":"default-arg","locations":[{"start":{"line":17,"column":22},"end":{"line":17,"column":52}}],"line":17},"6":{"loc":{"start":{"line":17,"column":54},"end":{"line":17,"column":62}},"type":"default-arg","locations":[{"start":{"line":17,"column":61},"end":{"line":17,"column":62}}],"line":17},"7":{"loc":{"start":{"line":17,"column":64},"end":{"line":17,"column":73}},"type":"default-arg","locations":[{"start":{"line":17,"column":71},"end":{"line":17,"column":73}}],"line":17},"8":{"loc":{"start":{"line":17,"column":75},"end":{"line":17,"column":88}},"type":"default-arg","locations":[{"start":{"line":17,"column":86},"end":{"line":17,"column":88}}],"line":17},"9":{"loc":{"start":{"line":22,"column":8},"end":{"line":24,"column":9}},"type":"if","locations":[{"start":{"line":22,"column":8},"end":{"line":24,"column":9}},{"start":{},"end":{}}],"line":22},"10":{"loc":{"start":{"line":25,"column":8},"end":{"line":27,"column":9}},"type":"if","locations":[{"start":{"line":25,"column":8},"end":{"line":27,"column":9}},{"start":{},"end":{}}],"line":25}},"s":{"0":1,"1":0,"2":0,"3":2,"4":0,"5":0,"6":0,"7":0,"8":0,"9":0,"10":2,"11":2,"12":1,"13":1,"14":1,"15":1,"16":1,"17":2,"18":2,"19":2,"20":2,"21":0,"22":0,"23":0,"24":0,"25":0,"26":0,"27":0,"28":0,"29":0,"30":0,"31":2,"32":1},"f":{"0":2,"1":0,"2":0,"3":2,"4":0,"5":0,"6":2,"7":2,"8":2},"b":{"0":[1,1,1],"1":[0,0],"2":[2,2],"3":[2,0],"4":[2,2],"5":[2],"6":[0],"7":[2],"8":[2],"9":[0,0],"10":[0,0]},"inputSourceMap":null,"_coverageSchema":"1a1c01bbd47fc00a2c39e90264f33305004495a9","hash":"f5f996cf338ee8b0b62498a85bef59d67a226c71"}
,"C:\\Users\\JoseNajera\\Desktop\\proyectos\\prueba_tec\\dist\\src\\presentation\\controllers\\user\\updateUser.controller.js": {"path":"C:\\Users\\JoseNajera\\Desktop\\proyectos\\prueba_tec\\dist\\src\\presentation\\controllers\\user\\updateUser.controller.js","statementMap":{"0":{"start":{"line":2,"column":16},"end":{"line":10,"column":1}},"1":{"start":{"line":3,"column":28},"end":{"line":3,"column":110}},"2":{"start":{"line":3,"column":91},"end":{"line":3,"column":106}},"3":{"start":{"line":4,"column":4},"end":{"line":9,"column":7}},"4":{"start":{"line":5,"column":36},"end":{"line":5,"column":97}},"5":{"start":{"line":5,"column":42},"end":{"line":5,"column":70}},"6":{"start":{"line":5,"column":85},"end":{"line":5,"column":95}},"7":{"start":{"line":6,"column":35},"end":{"line":6,"column":100}},"8":{"start":{"line":6,"column":41},"end":{"line":6,"column":73}},"9":{"start":{"line":6,"column":88},"end":{"line":6,"column":98}},"10":{"start":{"line":7,"column":32},"end":{"line":7,"column":116}},"11":{"start":{"line":8,"column":8},"end":{"line":8,"column":78}},"12":{"start":{"line":11,"column":0},"end":{"line":11,"column":62}},"13":{"start":{"line":12,"column":0},"end":{"line":12,"column":33}},"14":{"start":{"line":13,"column":19},"end":{"line":13,"column":58}},"15":{"start":{"line":14,"column":26},"end":{"line":14,"column":52}},"16":{"start":{"line":15,"column":28},"end":{"line":15,"column":56}},"17":{"start":{"line":16,"column":24},"end":{"line":41,"column":2}},"18":{"start":{"line":16,"column":57},"end":{"line":41,"column":2}},"19":{"start":{"line":17,"column":4},"end":{"line":40,"column":5}},"20":{"start":{"line":18,"column":30},"end":{"line":18,"column":103}},"21":{"start":{"line":19,"column":23},"end":{"line":19,"column":75}},"22":{"start":{"line":20,"column":8},"end":{"line":28,"column":9}},"23":{"start":{"line":21,"column":12},"end":{"line":27,"column":15}},"24":{"start":{"line":23,"column":48},"end":{"line":26,"column":17}},"25":{"start":{"line":29,"column":8},"end":{"line":29,"column":50}},"26":{"start":{"line":30,"column":8},"end":{"line":30,"column":29}},"27":{"start":{"line":31,"column":8},"end":{"line":34,"column":11}},"28":{"start":{"line":37,"column":8},"end":{"line":39,"column":11}},"29":{"start":{"line":42,"column":0},"end":{"line":42,"column":42}}},"fnMap":{"0":{"name":"(anonymous_0)","decl":{"start":{"line":2,"column":44},"end":{"line":2,"column":45}},"loc":{"start":{"line":2,"column":89},"end":{"line":10,"column":1}},"line":2},"1":{"name":"adopt","decl":{"start":{"line":3,"column":13},"end":{"line":3,"column":18}},"loc":{"start":{"line":3,"column":26},"end":{"line":3,"column":112}},"line":3},"2":{"name":"(anonymous_2)","decl":{"start":{"line":3,"column":70},"end":{"line":3,"column":71}},"loc":{"start":{"line":3,"column":89},"end":{"line":3,"column":108}},"line":3},"3":{"name":"(anonymous_3)","decl":{"start":{"line":4,"column":36},"end":{"line":4,"column":37}},"loc":{"start":{"line":4,"column":63},"end":{"line":9,"column":5}},"line":4},"4":{"name":"fulfilled","decl":{"start":{"line":5,"column":17},"end":{"line":5,"column":26}},"loc":{"start":{"line":5,"column":34},"end":{"line":5,"column":99}},"line":5},"5":{"name":"rejected","decl":{"start":{"line":6,"column":17},"end":{"line":6,"column":25}},"loc":{"start":{"line":6,"column":33},"end":{"line":6,"column":102}},"line":6},"6":{"name":"step","decl":{"start":{"line":7,"column":17},"end":{"line":7,"column":21}},"loc":{"start":{"line":7,"column":30},"end":{"line":7,"column":118}},"line":7},"7":{"name":"(anonymous_7)","decl":{"start":{"line":16,"column":24},"end":{"line":16,"column":25}},"loc":{"start":{"line":16,"column":57},"end":{"line":41,"column":2}},"line":16},"8":{"name":"(anonymous_8)","decl":{"start":{"line":16,"column":91},"end":{"line":16,"column":92}},"loc":{"start":{"line":16,"column":104},"end":{"line":41,"column":1}},"line":16},"9":{"name":"(anonymous_9)","decl":{"start":{"line":23,"column":36},"end":{"line":23,"column":37}},"loc":{"start":{"line":23,"column":48},"end":{"line":26,"column":17}},"line":23}},"branchMap":{"0":{"loc":{"start":{"line":2,"column":16},"end":{"line":10,"column":1}},"type":"binary-expr","locations":[{"start":{"line":2,"column":17},"end":{"line":2,"column":21}},{"start":{"line":2,"column":25},"end":{"line":2,"column":39}},{"start":{"line":2,"column":44},"end":{"line":10,"column":1}}],"line":2},"1":{"loc":{"start":{"line":3,"column":35},"end":{"line":3,"column":109}},"type":"cond-expr","locations":[{"start":{"line":3,"column":56},"end":{"line":3,"column":61}},{"start":{"line":3,"column":64},"end":{"line":3,"column":109}}],"line":3},"2":{"loc":{"start":{"line":4,"column":16},"end":{"line":4,"column":34}},"type":"binary-expr","locations":[{"start":{"line":4,"column":16},"end":{"line":4,"column":17}},{"start":{"line":4,"column":22},"end":{"line":4,"column":33}}],"line":4},"3":{"loc":{"start":{"line":7,"column":32},"end":{"line":7,"column":115}},"type":"cond-expr","locations":[{"start":{"line":7,"column":46},"end":{"line":7,"column":67}},{"start":{"line":7,"column":70},"end":{"line":7,"column":115}}],"line":7},"4":{"loc":{"start":{"line":8,"column":51},"end":{"line":8,"column":67}},"type":"binary-expr","locations":[{"start":{"line":8,"column":51},"end":{"line":8,"column":61}},{"start":{"line":8,"column":65},"end":{"line":8,"column":67}}],"line":8},"5":{"loc":{"start":{"line":20,"column":8},"end":{"line":28,"column":9}},"type":"if","locations":[{"start":{"line":20,"column":8},"end":{"line":28,"column":9}},{"start":{},"end":{}}],"line":20}},"s":{"0":1,"1":4,"2":0,"3":2,"4":3,"5":3,"6":0,"7":1,"8":1,"9":0,"10":6,"11":2,"12":1,"13":1,"14":1,"15":1,"16":1,"17":1,"18":2,"19":2,"20":2,"21":2,"22":2,"23":0,"24":0,"25":2,"26":1,"27":1,"28":1,"29":1},"f":{"0":2,"1":4,"2":0,"3":2,"4":3,"5":1,"6":6,"7":2,"8":2,"9":0},"b":{"0":[1,1,1],"1":[4,0],"2":[2,2],"3":[2,4],"4":[2,2],"5":[0,2]},"inputSourceMap":null,"_coverageSchema":"1a1c01bbd47fc00a2c39e90264f33305004495a9","hash":"7753cdd074afc7539e33ba9f92c27ee8f6b9d71d"}
,"C:\\Users\\JoseNajera\\Desktop\\proyectos\\prueba_tec\\dist\\src\\presentation\\routers\\user-router.js": {"path":"C:\\Users\\JoseNajera\\Desktop\\proyectos\\prueba_tec\\dist\\src\\presentation\\routers\\user-router.js","statementMap":{"0":{"start":{"line":2,"column":16},"end":{"line":10,"column":1}},"1":{"start":{"line":3,"column":28},"end":{"line":3,"column":110}},"2":{"start":{"line":3,"column":91},"end":{"line":3,"column":106}},"3":{"start":{"line":4,"column":4},"end":{"line":9,"column":7}},"4":{"start":{"line":5,"column":36},"end":{"line":5,"column":97}},"5":{"start":{"line":5,"column":42},"end":{"line":5,"column":70}},"6":{"start":{"line":5,"column":85},"end":{"line":5,"column":95}},"7":{"start":{"line":6,"column":35},"end":{"line":6,"column":100}},"8":{"start":{"line":6,"column":41},"end":{"line":6,"column":73}},"9":{"start":{"line":6,"column":88},"end":{"line":6,"column":98}},"10":{"start":{"line":7,"column":32},"end":{"line":7,"column":116}},"11":{"start":{"line":8,"column":8},"end":{"line":8,"column":78}},"12":{"start":{"line":11,"column":0},"end":{"line":11,"column":62}},"13":{"start":{"line":12,"column":18},"end":{"line":12,"column":36}},"14":{"start":{"line":13,"column":32},"end":{"line":13,"column":84}},"15":{"start":{"line":14,"column":30},"end":{"line":14,"column":80}},"16":{"start":{"line":15,"column":32},"end":{"line":15,"column":84}},"17":{"start":{"line":17,"column":23},"end":{"line":17,"column":46}},"18":{"start":{"line":18,"column":4},"end":{"line":20,"column":8}},"19":{"start":{"line":18,"column":38},"end":{"line":20,"column":6}},"20":{"start":{"line":19,"column":8},"end":{"line":19,"column":86}},"21":{"start":{"line":21,"column":4},"end":{"line":23,"column":8}},"22":{"start":{"line":21,"column":39},"end":{"line":23,"column":6}},"23":{"start":{"line":22,"column":8},"end":{"line":22,"column":94}},"24":{"start":{"line":24,"column":4},"end":{"line":26,"column":8}},"25":{"start":{"line":24,"column":40},"end":{"line":26,"column":6}},"26":{"start":{"line":25,"column":8},"end":{"line":25,"column":95}},"27":{"start":{"line":27,"column":4},"end":{"line":27,"column":22}},"28":{"start":{"line":29,"column":0},"end":{"line":29,"column":29}}},"fnMap":{"0":{"name":"(anonymous_0)","decl":{"start":{"line":2,"column":44},"end":{"line":2,"column":45}},"loc":{"start":{"line":2,"column":89},"end":{"line":10,"column":1}},"line":2},"1":{"name":"adopt","decl":{"start":{"line":3,"column":13},"end":{"line":3,"column":18}},"loc":{"start":{"line":3,"column":26},"end":{"line":3,"column":112}},"line":3},"2":{"name":"(anonymous_2)","decl":{"start":{"line":3,"column":70},"end":{"line":3,"column":71}},"loc":{"start":{"line":3,"column":89},"end":{"line":3,"column":108}},"line":3},"3":{"name":"(anonymous_3)","decl":{"start":{"line":4,"column":36},"end":{"line":4,"column":37}},"loc":{"start":{"line":4,"column":63},"end":{"line":9,"column":5}},"line":4},"4":{"name":"fulfilled","decl":{"start":{"line":5,"column":17},"end":{"line":5,"column":26}},"loc":{"start":{"line":5,"column":34},"end":{"line":5,"column":99}},"line":5},"5":{"name":"rejected","decl":{"start":{"line":6,"column":17},"end":{"line":6,"column":25}},"loc":{"start":{"line":6,"column":33},"end":{"line":6,"column":102}},"line":6},"6":{"name":"step","decl":{"start":{"line":7,"column":17},"end":{"line":7,"column":21}},"loc":{"start":{"line":7,"column":30},"end":{"line":7,"column":118}},"line":7},"7":{"name":"userRouter","decl":{"start":{"line":16,"column":9},"end":{"line":16,"column":19}},"loc":{"start":{"line":16,"column":77},"end":{"line":28,"column":1}},"line":16},"8":{"name":"(anonymous_8)","decl":{"start":{"line":18,"column":24},"end":{"line":18,"column":25}},"loc":{"start":{"line":18,"column":38},"end":{"line":20,"column":6}},"line":18},"9":{"name":"(anonymous_9)","decl":{"start":{"line":18,"column":70},"end":{"line":18,"column":71}},"loc":{"start":{"line":18,"column":83},"end":{"line":20,"column":5}},"line":18},"10":{"name":"(anonymous_10)","decl":{"start":{"line":21,"column":25},"end":{"line":21,"column":26}},"loc":{"start":{"line":21,"column":39},"end":{"line":23,"column":6}},"line":21},"11":{"name":"(anonymous_11)","decl":{"start":{"line":21,"column":71},"end":{"line":21,"column":72}},"loc":{"start":{"line":21,"column":84},"end":{"line":23,"column":5}},"line":21},"12":{"name":"(anonymous_12)","decl":{"start":{"line":24,"column":26},"end":{"line":24,"column":27}},"loc":{"start":{"line":24,"column":40},"end":{"line":26,"column":6}},"line":24},"13":{"name":"(anonymous_13)","decl":{"start":{"line":24,"column":72},"end":{"line":24,"column":73}},"loc":{"start":{"line":24,"column":85},"end":{"line":26,"column":5}},"line":24}},"branchMap":{"0":{"loc":{"start":{"line":2,"column":16},"end":{"line":10,"column":1}},"type":"binary-expr","locations":[{"start":{"line":2,"column":17},"end":{"line":2,"column":21}},{"start":{"line":2,"column":25},"end":{"line":2,"column":39}},{"start":{"line":2,"column":44},"end":{"line":10,"column":1}}],"line":2},"1":{"loc":{"start":{"line":3,"column":35},"end":{"line":3,"column":109}},"type":"cond-expr","locations":[{"start":{"line":3,"column":56},"end":{"line":3,"column":61}},{"start":{"line":3,"column":64},"end":{"line":3,"column":109}}],"line":3},"2":{"loc":{"start":{"line":4,"column":16},"end":{"line":4,"column":34}},"type":"binary-expr","locations":[{"start":{"line":4,"column":16},"end":{"line":4,"column":17}},{"start":{"line":4,"column":22},"end":{"line":4,"column":33}}],"line":4},"3":{"loc":{"start":{"line":7,"column":32},"end":{"line":7,"column":115}},"type":"cond-expr","locations":[{"start":{"line":7,"column":46},"end":{"line":7,"column":67}},{"start":{"line":7,"column":70},"end":{"line":7,"column":115}}],"line":7},"4":{"loc":{"start":{"line":8,"column":51},"end":{"line":8,"column":67}},"type":"binary-expr","locations":[{"start":{"line":8,"column":51},"end":{"line":8,"column":61}},{"start":{"line":8,"column":65},"end":{"line":8,"column":67}}],"line":8}},"s":{"0":1,"1":6,"2":0,"3":6,"4":6,"5":6,"6":0,"7":0,"8":0,"9":0,"10":12,"11":6,"12":1,"13":1,"14":1,"15":1,"16":1,"17":1,"18":1,"19":2,"20":2,"21":1,"22":2,"23":2,"24":1,"25":2,"26":2,"27":1,"28":1},"f":{"0":6,"1":6,"2":0,"3":6,"4":6,"5":0,"6":12,"7":1,"8":2,"9":2,"10":2,"11":2,"12":2,"13":2},"b":{"0":[1,1,1],"1":[6,0],"2":[6,6],"3":[6,6],"4":[6,6]},"inputSourceMap":null,"_coverageSchema":"1a1c01bbd47fc00a2c39e90264f33305004495a9","hash":"7073c50c86efc36fb2dcb398afb8f2357bb6b0f1"}
,"C:\\Users\\JoseNajera\\Desktop\\proyectos\\prueba_tec\\src\\server.ts": {"path":"C:\\Users\\JoseNajera\\Desktop\\proyectos\\prueba_tec\\src\\server.ts","statementMap":{"0":{"start":{"line":1,"column":0},"end":{"line":1,"column":30}},"1":{"start":{"line":2,"column":0},"end":{"line":2,"column":23}},"2":{"start":{"line":3,"column":0},"end":{"line":3,"column":39}},"3":{"start":{"line":4,"column":15},"end":{"line":4,"column":24}},"4":{"start":{"line":6,"column":0},"end":{"line":6,"column":27}},"5":{"start":{"line":7,"column":0},"end":{"line":7,"column":40}},"6":{"start":{"line":8,"column":0},"end":{"line":10,"column":null}},"7":{"start":{"line":12,"column":0},"end":{"line":12,"column":null}}},"fnMap":{},"branchMap":{},"s":{"0":2,"1":2,"2":2,"3":2,"4":2,"5":2,"6":2,"7":2},"f":{},"b":{}}
,"C:\\Users\\JoseNajera\\Desktop\\proyectos\\prueba_tec\\src\\data\\dataSources\\sequalize\\dbConfig.ts": {"path":"C:\\Users\\JoseNajera\\Desktop\\proyectos\\prueba_tec\\src\\data\\dataSources\\sequalize\\dbConfig.ts","statementMap":{"0":{"start":{"line":1,"column":0},"end":{"line":1,"column":38}},"1":{"start":{"line":3,"column":18},"end":{"line":6,"column":2}},"2":{"start":{"line":8,"column":0},"end":{"line":8,"column":25}}},"fnMap":{},"branchMap":{},"s":{"0":2,"1":2,"2":2},"f":{},"b":{}}
,"C:\\Users\\JoseNajera\\Desktop\\proyectos\\prueba_tec\\src\\data\\dataSources\\sequalize\\models\\userModel.ts": {"path":"C:\\Users\\JoseNajera\\Desktop\\proyectos\\prueba_tec\\src\\data\\dataSources\\sequalize\\models\\userModel.ts","statementMap":{"0":{"start":{"line":1,"column":0},"end":{"line":1,"column":44}},"1":{"start":{"line":2,"column":0},"end":{"line":2,"column":62}},"2":{"start":{"line":3,"column":0},"end":{"line":3,"column":36}},"3":{"start":{"line":14,"column":0},"end":{"line":55,"column":2}},"4":{"start":{"line":57,"column":0},"end":{"line":57,"column":25}}},"fnMap":{},"branchMap":{},"s":{"0":2,"1":2,"2":2,"3":2,"4":2},"f":{},"b":{}}
,"C:\\Users\\JoseNajera\\Desktop\\proyectos\\prueba_tec\\src\\data\\dataSources\\sqlite3\\sqliteUserDataSource.ts": {"path":"C:\\Users\\JoseNajera\\Desktop\\proyectos\\prueba_tec\\src\\data\\dataSources\\sqlite3\\sqliteUserDataSource.ts","statementMap":{"0":{"start":{"line":11,"column":8},"end":{"line":11,"column":33}},"1":{"start":{"line":14,"column":23},"end":{"line":14,"column":58}},"2":{"start":{"line":15,"column":8},"end":{"line":15,"column":31}},"3":{"start":{"line":18,"column":8},"end":{"line":18,"column":70}},"4":{"start":{"line":22,"column":23},"end":{"line":22,"column":55}},"5":{"start":{"line":23,"column":8},"end":{"line":23,"column":28}},"6":{"start":{"line":25,"column":8},"end":{"line":25,"column":null}},"7":{"start":{"line":8,"column":0},"end":{"line":8,"column":13}}},"fnMap":{"0":{"name":"(anonymous_7)","decl":{"start":{"line":10,"column":4},"end":{"line":10,"column":16}},"loc":{"start":{"line":10,"column":40},"end":{"line":12,"column":5}}},"1":{"name":"(anonymous_8)","decl":{"start":{"line":13,"column":10},"end":{"line":13,"column":16}},"loc":{"start":{"line":13,"column":27},"end":{"line":16,"column":null}}},"2":{"name":"(anonymous_10)","decl":{"start":{"line":17,"column":10},"end":{"line":17,"column":16}},"loc":{"start":{"line":17,"column":78},"end":{"line":19,"column":null}}},"3":{"name":"(anonymous_12)","decl":{"start":{"line":21,"column":10},"end":{"line":21,"column":16}},"loc":{"start":{"line":21,"column":27},"end":{"line":26,"column":null}}}},"branchMap":{},"s":{"0":3,"1":1,"2":1,"3":0,"4":1,"5":1,"6":1,"7":1},"f":{"0":3,"1":1,"2":0,"3":1},"b":{}}
,"C:\\Users\\JoseNajera\\Desktop\\proyectos\\prueba_tec\\src\\domain\\dto\\user.dto.ts": {"path":"C:\\Users\\JoseNajera\\Desktop\\proyectos\\prueba_tec\\src\\domain\\dto\\user.dto.ts","statementMap":{"0":{"start":{"line":1,"column":0},"end":{"line":1,"column":91}},"1":{"start":{"line":2,"column":0},"end":{"line":2,"column":52}},"2":{"start":{"line":5,"column":0},"end":{"line":5,"column":13}},"3":{"start":{"line":8,"column":4},"end":{"line":8,"column":null}},"4":{"start":{"line":12,"column":4},"end":{"line":12,"column":null}},"5":{"start":{"line":16,"column":4},"end":{"line":16,"column":null}},"6":{"start":{"line":20,"column":4},"end":{"line":20,"column":null}},"7":{"start":{"line":24,"column":4},"end":{"line":24,"column":null}},"8":{"start":{"line":29,"column":4},"end":{"line":29,"column":null}},"9":{"start":{"line":33,"column":4},"end":{"line":33,"column":null}},"10":{"start":{"line":36,"column":0},"end":{"line":36,"column":13}},"11":{"start":{"line":39,"column":4},"end":{"line":39,"column":null}},"12":{"start":{"line":43,"column":4},"end":{"line":43,"column":null}},"13":{"start":{"line":47,"column":4},"end":{"line":47,"column":null}},"14":{"start":{"line":51,"column":4},"end":{"line":51,"column":null}},"15":{"start":{"line":55,"column":4},"end":{"line":55,"column":null}},"16":{"start":{"line":60,"column":4},"end":{"line":60,"column":null}},"17":{"start":{"line":64,"column":4},"end":{"line":64,"column":null}}},"fnMap":{},"branchMap":{},"s":{"0":2,"1":2,"2":2,"3":2,"4":2,"5":2,"6":2,"7":2,"8":2,"9":2,"10":2,"11":2,"12":2,"13":2,"14":2,"15":2,"16":2,"17":2},"f":{},"b":{}}
,"C:\\Users\\JoseNajera\\Desktop\\proyectos\\prueba_tec\\src\\domain\\dto\\page\\pageOptions.dto.ts": {"path":"C:\\Users\\JoseNajera\\Desktop\\proyectos\\prueba_tec\\src\\domain\\dto\\page\\pageOptions.dto.ts","statementMap":{"0":{"start":{"line":1,"column":0},"end":{"line":1,"column":59}},"1":{"start":{"line":9,"column":8},"end":{"line":9,"column":71}},"2":{"start":{"line":10,"column":8},"end":{"line":10,"column":25}},"3":{"start":{"line":11,"column":8},"end":{"line":11,"column":25}},"4":{"start":{"line":14,"column":8},"end":{"line":14,"column":43}},"5":{"start":{"line":3,"column":0},"end":{"line":3,"column":13}}},"fnMap":{"0":{"name":"(anonymous_0)","decl":{"start":{"line":8,"column":4},"end":{"line":8,"column":16}},"loc":{"start":{"line":8,"column":94},"end":{"line":12,"column":5}}},"1":{"name":"(anonymous_1)","decl":{"start":{"line":13,"column":4},"end":{"line":13,"column":8}},"loc":{"start":{"line":13,"column":12},"end":{"line":15,"column":5}}}},"branchMap":{"0":{"loc":{"start":{"line":8,"column":16},"end":{"line":8,"column":57}},"type":"default-arg","locations":[{"start":{"line":8,"column":44},"end":{"line":8,"column":57}}]},"1":{"loc":{"start":{"line":8,"column":59},"end":{"line":8,"column":75}},"type":"default-arg","locations":[{"start":{"line":8,"column":74},"end":{"line":8,"column":75}}]},"2":{"loc":{"start":{"line":8,"column":77},"end":{"line":8,"column":94}},"type":"default-arg","locations":[{"start":{"line":8,"column":92},"end":{"line":8,"column":94}}]},"3":{"loc":{"start":{"line":9,"column":21},"end":{"line":9,"column":70}},"type":"cond-expr","locations":[{"start":{"line":9,"column":49},"end":{"line":9,"column":54}},{"start":{"line":9,"column":57},"end":{"line":9,"column":70}}]}},"s":{"0":2,"1":0,"2":0,"3":0,"4":0,"5":2},"f":{"0":0,"1":0},"b":{"0":[0],"1":[0],"2":[0],"3":[0,0]}}
,"C:\\Users\\JoseNajera\\Desktop\\proyectos\\prueba_tec\\src\\domain\\dto\\page\\pagination.dto.ts": {"path":"C:\\Users\\JoseNajera\\Desktop\\proyectos\\prueba_tec\\src\\domain\\dto\\page\\pagination.dto.ts","statementMap":{"0":{"start":{"line":8,"column":8},"end":{"line":8,"column":25}},"1":{"start":{"line":9,"column":8},"end":{"line":9,"column":25}},"2":{"start":{"line":3,"column":0},"end":{"line":3,"column":13}}},"fnMap":{"0":{"name":"(anonymous_0)","decl":{"start":{"line":7,"column":4},"end":{"line":7,"column":16}},"loc":{"start":{"line":7,"column":44},"end":{"line":10,"column":5}}}},"branchMap":{},"s":{"0":1,"1":1,"2":1},"f":{"0":1},"b":{}}
,"C:\\Users\\JoseNajera\\Desktop\\proyectos\\prueba_tec\\src\\domain\\entities\\user.ts": {"path":"C:\\Users\\JoseNajera\\Desktop\\proyectos\\prueba_tec\\src\\domain\\entities\\user.ts","statementMap":{"0":{"start":{"line":1,"column":0},"end":{"line":1,"column":null}},"1":{"start":{"line":2,"column":4},"end":{"line":2,"column":null}},"2":{"start":{"line":3,"column":4},"end":{"line":3,"column":null}}},"fnMap":{"0":{"name":"(anonymous_0)","decl":{"start":{"line":1,"column":0},"end":{"line":1,"column":12}},"loc":{"start":{"line":1,"column":22},"end":{"line":4,"column":1}}}},"branchMap":{"0":{"loc":{"start":{"line":1,"column":12},"end":{"line":1,"column":null}},"type":"binary-expr","locations":[{"start":{"line":1,"column":12},"end":{"line":1,"column":22}},{"start":{"line":1,"column":22},"end":{"line":1,"column":null}}]}},"s":{"0":7,"1":7,"2":7},"f":{"0":7},"b":{"0":[7,7]}}
,"C:\\Users\\JoseNajera\\Desktop\\proyectos\\prueba_tec\\src\\domain\\enum\\page\\orderPage.enum.ts": {"path":"C:\\Users\\JoseNajera\\Desktop\\proyectos\\prueba_tec\\src\\domain\\enum\\page\\orderPage.enum.ts","statementMap":{"0":{"start":{"line":1,"column":0},"end":{"line":1,"column":null}},"1":{"start":{"line":2,"column":4},"end":{"line":2,"column":null}},"2":{"start":{"line":3,"column":4},"end":{"line":3,"column":null}}},"fnMap":{"0":{"name":"(anonymous_0)","decl":{"start":{"line":1,"column":0},"end":{"line":1,"column":12}},"loc":{"start":{"line":1,"column":21},"end":{"line":4,"column":1}}}},"branchMap":{"0":{"loc":{"start":{"line":1,"column":12},"end":{"line":1,"column":null}},"type":"binary-expr","locations":[{"start":{"line":1,"column":12},"end":{"line":1,"column":21}},{"start":{"line":1,"column":21},"end":{"line":1,"column":null}}]}},"s":{"0":3,"1":3,"2":3},"f":{"0":3},"b":{"0":[3,3]}}
,"C:\\Users\\JoseNajera\\Desktop\\proyectos\\prueba_tec\\src\\domain\\repositories\\userRepository.ts": {"path":"C:\\Users\\JoseNajera\\Desktop\\proyectos\\prueba_tec\\src\\domain\\repositories\\userRepository.ts","statementMap":{"0":{"start":{"line":3,"column":0},"end":{"line":3,"column":59}},"1":{"start":{"line":12,"column":8},"end":{"line":12,"column":45}},"2":{"start":{"line":16,"column":8},"end":{"line":16,"column":54}},"3":{"start":{"line":19,"column":23},"end":{"line":19,"column":85}},"4":{"start":{"line":20,"column":30},"end":{"line":22,"column":11}},"5":{"start":{"line":20,"column":62},"end":{"line":21,"column":null}},"6":{"start":{"line":23,"column":8},"end":{"line":23,"column":57}},"7":{"start":{"line":27,"column":8},"end":{"line":27,"column":54}},"8":{"start":{"line":8,"column":0},"end":{"line":8,"column":13}}},"fnMap":{"0":{"name":"(anonymous_7)","decl":{"start":{"line":11,"column":4},"end":{"line":11,"column":16}},"loc":{"start":{"line":11,"column":46},"end":{"line":13,"column":5}}},"1":{"name":"(anonymous_8)","decl":{"start":{"line":15,"column":10},"end":{"line":15,"column":20}},"loc":{"start":{"line":15,"column":31},"end":{"line":17,"column":null}}},"2":{"name":"(anonymous_10)","decl":{"start":{"line":18,"column":10},"end":{"line":18,"column":18}},"loc":{"start":{"line":18,"column":80},"end":{"line":24,"column":null}}},"3":{"name":"(anonymous_12)","decl":{"start":{"line":20,"column":46},"end":{"line":20,"column":47}},"loc":{"start":{"line":20,"column":62},"end":{"line":21,"column":null}}},"4":{"name":"(anonymous_13)","decl":{"start":{"line":26,"column":10},"end":{"line":26,"column":20}},"loc":{"start":{"line":26,"column":31},"end":{"line":28,"column":null}}}},"branchMap":{},"s":{"0":1,"1":3,"2":1,"3":1,"4":1,"5":1,"6":1,"7":1,"8":1},"f":{"0":3,"1":1,"2":1,"3":1,"4":1},"b":{}}
,"C:\\Users\\JoseNajera\\Desktop\\proyectos\\prueba_tec\\src\\domain\\useCases\\user\\createUser.ts": {"path":"C:\\Users\\JoseNajera\\Desktop\\proyectos\\prueba_tec\\src\\domain\\useCases\\user\\createUser.ts","statementMap":{"0":{"start":{"line":8,"column":8},"end":{"line":8,"column":46}},"1":{"start":{"line":11,"column":8},"end":{"line":11,"column":59}},"2":{"start":{"line":5,"column":0},"end":{"line":5,"column":13}}},"fnMap":{"0":{"name":"(anonymous_7)","decl":{"start":{"line":7,"column":4},"end":{"line":7,"column":16}},"loc":{"start":{"line":7,"column":45},"end":{"line":9,"column":5}}},"1":{"name":"(anonymous_8)","decl":{"start":{"line":10,"column":10},"end":{"line":10,"column":17}},"loc":{"start":{"line":10,"column":28},"end":{"line":12,"column":null}}}},"branchMap":{},"s":{"0":1,"1":1,"2":1},"f":{"0":1,"1":1},"b":{}}
,"C:\\Users\\JoseNajera\\Desktop\\proyectos\\prueba_tec\\src\\domain\\useCases\\user\\getAllUser.ts": {"path":"C:\\Users\\JoseNajera\\Desktop\\proyectos\\prueba_tec\\src\\domain\\useCases\\user\\getAllUser.ts","statementMap":{"0":{"start":{"line":11,"column":8},"end":{"line":11,"column":46}},"1":{"start":{"line":14,"column":8},"end":{"line":14,"column":81}},"2":{"start":{"line":8,"column":0},"end":{"line":8,"column":13}}},"fnMap":{"0":{"name":"(anonymous_7)","decl":{"start":{"line":10,"column":4},"end":{"line":10,"column":16}},"loc":{"start":{"line":10,"column":46},"end":{"line":12,"column":5}}},"1":{"name":"(anonymous_8)","decl":{"start":{"line":13,"column":10},"end":{"line":13,"column":17}},"loc":{"start":{"line":13,"column":79},"end":{"line":15,"column":null}}}},"branchMap":{},"s":{"0":1,"1":1,"2":1},"f":{"0":1,"1":1},"b":{}}
,"C:\\Users\\JoseNajera\\Desktop\\proyectos\\prueba_tec\\src\\domain\\useCases\\user\\updateUser.ts": {"path":"C:\\Users\\JoseNajera\\Desktop\\proyectos\\prueba_tec\\src\\domain\\useCases\\user\\updateUser.ts","statementMap":{"0":{"start":{"line":8,"column":8},"end":{"line":8,"column":45}},"1":{"start":{"line":11,"column":8},"end":{"line":11,"column":58}},"2":{"start":{"line":5,"column":0},"end":{"line":5,"column":13}}},"fnMap":{"0":{"name":"(anonymous_7)","decl":{"start":{"line":7,"column":4},"end":{"line":7,"column":16}},"loc":{"start":{"line":7,"column":45},"end":{"line":9,"column":5}}},"1":{"name":"(anonymous_8)","decl":{"start":{"line":10,"column":10},"end":{"line":10,"column":17}},"loc":{"start":{"line":10,"column":28},"end":{"line":12,"column":null}}}},"branchMap":{},"s":{"0":1,"1":1,"2":1},"f":{"0":1,"1":1},"b":{}}
,"C:\\Users\\JoseNajera\\Desktop\\proyectos\\prueba_tec\\src\\presentation\\controllers\\user\\createUser.controller.ts": {"path":"C:\\Users\\JoseNajera\\Desktop\\proyectos\\prueba_tec\\src\\presentation\\controllers\\user\\createUser.controller.ts","statementMap":{"0":{"start":{"line":3,"column":0},"end":{"line":3,"column":61}},"1":{"start":{"line":4,"column":0},"end":{"line":4,"column":43}},"2":{"start":{"line":5,"column":0},"end":{"line":5,"column":49}},"3":{"start":{"line":6,"column":0},"end":{"line":6,"column":77}},"4":{"start":{"line":8,"column":30},"end":{"line":47,"column":null}},"5":{"start":{"line":8,"column":106},"end":{"line":47,"column":null}},"6":{"start":{"line":9,"column":4},"end":{"line":46,"column":null}},"7":{"start":{"line":10,"column":30},"end":{"line":10,"column":67}},"8":{"start":{"line":11,"column":23},"end":{"line":11,"column":52}},"9":{"start":{"line":13,"column":8},"end":{"line":21,"column":null}},"10":{"start":{"line":14,"column":12},"end":{"line":20,"column":15}},"11":{"start":{"line":16,"column":48},"end":{"line":19,"column":18}},"12":{"start":{"line":22,"column":26},"end":{"line":26,"column":10}},"13":{"start":{"line":28,"column":8},"end":{"line":33,"column":null}},"14":{"start":{"line":29,"column":12},"end":{"line":32,"column":15}},"15":{"start":{"line":34,"column":8},"end":{"line":34,"column":55}},"16":{"start":{"line":35,"column":8},"end":{"line":38,"column":11}},"17":{"start":{"line":41,"column":8},"end":{"line":43,"column":11}},"18":{"start":{"line":44,"column":8},"end":{"line":44,"column":25}},"19":{"start":{"line":8,"column":13},"end":{"line":8,"column":30}}},"fnMap":{"0":{"name":"(anonymous_8)","decl":{"start":{"line":8,"column":30},"end":{"line":8,"column":37}},"loc":{"start":{"line":8,"column":106},"end":{"line":47,"column":null}}},"1":{"name":"(anonymous_9)","decl":{"start":{"line":8,"column":106},"end":{"line":8,"column":null}},"loc":{"start":{"line":8,"column":106},"end":{"line":47,"column":1}}},"2":{"name":"(anonymous_10)","decl":{"start":{"line":16,"column":36},"end":{"line":16,"column":37}},"loc":{"start":{"line":16,"column":48},"end":{"line":19,"column":18}}}},"branchMap":{"0":{"loc":{"start":{"line":13,"column":8},"end":{"line":21,"column":null}},"type":"if","locations":[{"start":{"line":13,"column":8},"end":{"line":21,"column":null}}]},"1":{"loc":{"start":{"line":28,"column":8},"end":{"line":33,"column":null}},"type":"if","locations":[{"start":{"line":28,"column":8},"end":{"line":33,"column":null}}]}},"s":{"0":2,"1":2,"2":2,"3":2,"4":2,"5":2,"6":2,"7":2,"8":2,"9":2,"10":0,"11":0,"12":2,"13":2,"14":2,"15":0,"16":0,"17":0,"18":0,"19":2},"f":{"0":2,"1":2,"2":0},"b":{"0":[0],"1":[2]}}
,"C:\\Users\\JoseNajera\\Desktop\\proyectos\\prueba_tec\\src\\presentation\\controllers\\user\\getUsers.controller.ts": {"path":"C:\\Users\\JoseNajera\\Desktop\\proyectos\\prueba_tec\\src\\presentation\\controllers\\user\\getUsers.controller.ts","statementMap":{"0":{"start":{"line":3,"column":0},"end":{"line":3,"column":74}},"1":{"start":{"line":4,"column":0},"end":{"line":4,"column":69}},"2":{"start":{"line":6,"column":24},"end":{"line":33,"column":null}},"3":{"start":{"line":6,"column":101},"end":{"line":33,"column":null}},"4":{"start":{"line":7,"column":4},"end":{"line":32,"column":null}},"5":{"start":{"line":8,"column":75},"end":{"line":8,"column":84}},"6":{"start":{"line":9,"column":42},"end":{"line":9,"column":73}},"7":{"start":{"line":11,"column":30},"end":{"line":11,"column":31}},"8":{"start":{"line":12,"column":30},"end":{"line":12,"column":32}},"9":{"start":{"line":13,"column":8},"end":{"line":15,"column":null}},"10":{"start":{"line":14,"column":12},"end":{"line":14,"column":52}},"11":{"start":{"line":16,"column":8},"end":{"line":18,"column":null}},"12":{"start":{"line":17,"column":12},"end":{"line":17,"column":51}},"13":{"start":{"line":19,"column":47},"end":{"line":19,"column":101}},"14":{"start":{"line":20,"column":31},"end":{"line":20,"column":92}},"15":{"start":{"line":21,"column":8},"end":{"line":21,"column":29}},"16":{"start":{"line":22,"column":8},"end":{"line":27,"column":null}},"17":{"start":{"line":29,"column":8},"end":{"line":31,"column":11}},"18":{"start":{"line":6,"column":13},"end":{"line":6,"column":24}}},"fnMap":{"0":{"name":"(anonymous_7)","decl":{"start":{"line":6,"column":24},"end":{"line":6,"column":31}},"loc":{"start":{"line":6,"column":101},"end":{"line":33,"column":null}}},"1":{"name":"(anonymous_8)","decl":{"start":{"line":6,"column":101},"end":{"line":6,"column":null}},"loc":{"start":{"line":6,"column":101},"end":{"line":33,"column":1}}}},"branchMap":{"0":{"loc":{"start":{"line":8,"column":14},"end":{"line":8,"column":35}},"type":"default-arg","locations":[{"start":{"line":8,"column":22},"end":{"line":8,"column":35}}]},"1":{"loc":{"start":{"line":8,"column":37},"end":{"line":8,"column":45}},"type":"default-arg","locations":[{"start":{"line":8,"column":44},"end":{"line":8,"column":45}}]},"2":{"loc":{"start":{"line":8,"column":47},"end":{"line":8,"column":56}},"type":"default-arg","locations":[{"start":{"line":8,"column":54},"end":{"line":8,"column":56}}]},"3":{"loc":{"start":{"line":8,"column":58},"end":{"line":8,"column":71}},"type":"default-arg","locations":[{"start":{"line":8,"column":69},"end":{"line":8,"column":71}}]},"4":{"loc":{"start":{"line":13,"column":8},"end":{"line":15,"column":null}},"type":"if","locations":[{"start":{"line":13,"column":8},"end":{"line":15,"column":null}}]},"5":{"loc":{"start":{"line":16,"column":8},"end":{"line":18,"column":null}},"type":"if","locations":[{"start":{"line":16,"column":8},"end":{"line":18,"column":null}}]}},"s":{"0":2,"1":2,"2":2,"3":2,"4":2,"5":2,"6":2,"7":0,"8":0,"9":0,"10":0,"11":0,"12":0,"13":0,"14":0,"15":0,"16":0,"17":2,"18":2},"f":{"0":2,"1":2},"b":{"0":[2],"1":[0],"2":[2],"3":[2],"4":[0],"5":[0]}}
,"C:\\Users\\JoseNajera\\Desktop\\proyectos\\prueba_tec\\src\\presentation\\controllers\\user\\updateUser.controller.ts": {"path":"C:\\Users\\JoseNajera\\Desktop\\proyectos\\prueba_tec\\src\\presentation\\controllers\\user\\updateUser.controller.ts","statementMap":{"0":{"start":{"line":3,"column":0},"end":{"line":3,"column":61}},"1":{"start":{"line":4,"column":0},"end":{"line":4,"column":43}},"2":{"start":{"line":5,"column":0},"end":{"line":5,"column":49}},"3":{"start":{"line":7,"column":31},"end":{"line":31,"column":null}},"4":{"start":{"line":7,"column":107},"end":{"line":31,"column":null}},"5":{"start":{"line":8,"column":4},"end":{"line":30,"column":null}},"6":{"start":{"line":9,"column":30},"end":{"line":9,"column":67}},"7":{"start":{"line":10,"column":23},"end":{"line":10,"column":52}},"8":{"start":{"line":11,"column":8},"end":{"line":19,"column":null}},"9":{"start":{"line":12,"column":12},"end":{"line":18,"column":15}},"10":{"start":{"line":14,"column":48},"end":{"line":17,"column":18}},"11":{"start":{"line":20,"column":8},"end":{"line":20,"column":50}},"12":{"start":{"line":21,"column":8},"end":{"line":21,"column":29}},"13":{"start":{"line":22,"column":8},"end":{"line":25,"column":null}},"14":{"start":{"line":27,"column":8},"end":{"line":29,"column":11}},"15":{"start":{"line":7,"column":13},"end":{"line":7,"column":31}}},"fnMap":{"0":{"name":"(anonymous_7)","decl":{"start":{"line":7,"column":31},"end":{"line":7,"column":38}},"loc":{"start":{"line":7,"column":107},"end":{"line":31,"column":null}}},"1":{"name":"(anonymous_8)","decl":{"start":{"line":7,"column":107},"end":{"line":7,"column":null}},"loc":{"start":{"line":7,"column":107},"end":{"line":31,"column":1}}},"2":{"name":"(anonymous_9)","decl":{"start":{"line":14,"column":36},"end":{"line":14,"column":37}},"loc":{"start":{"line":14,"column":48},"end":{"line":17,"column":18}}}},"branchMap":{"0":{"loc":{"start":{"line":11,"column":8},"end":{"line":19,"column":null}},"type":"if","locations":[{"start":{"line":11,"column":8},"end":{"line":19,"column":null}}]}},"s":{"0":2,"1":2,"2":2,"3":2,"4":2,"5":2,"6":2,"7":2,"8":2,"9":0,"10":0,"11":2,"12":1,"13":1,"14":1,"15":2},"f":{"0":2,"1":2,"2":0},"b":{"0":[0]}}
,"C:\\Users\\JoseNajera\\Desktop\\proyectos\\prueba_tec\\src\\presentation\\routers\\user-router.ts": {"path":"C:\\Users\\JoseNajera\\Desktop\\proyectos\\prueba_tec\\src\\presentation\\routers\\user-router.ts","statementMap":{"0":{"start":{"line":3,"column":0},"end":{"line":3,"column":52}},"1":{"start":{"line":5,"column":0},"end":{"line":5,"column":75}},"2":{"start":{"line":6,"column":0},"end":{"line":6,"column":67}},"3":{"start":{"line":7,"column":0},"end":{"line":7,"column":76}},"4":{"start":{"line":13,"column":23},"end":{"line":13,"column":31}},"5":{"start":{"line":15,"column":4},"end":{"line":17,"column":7}},"6":{"start":{"line":15,"column":62},"end":{"line":17,"column":6}},"7":{"start":{"line":16,"column":8},"end":{"line":16,"column":57}},"8":{"start":{"line":19,"column":4},"end":{"line":21,"column":7}},"9":{"start":{"line":19,"column":63},"end":{"line":21,"column":6}},"10":{"start":{"line":20,"column":8},"end":{"line":20,"column":63}},"11":{"start":{"line":23,"column":4},"end":{"line":25,"column":7}},"12":{"start":{"line":23,"column":64},"end":{"line":25,"column":6}},"13":{"start":{"line":24,"column":8},"end":{"line":24,"column":64}},"14":{"start":{"line":26,"column":4},"end":{"line":26,"column":22}},"15":{"start":{"line":8,"column":0},"end":{"line":8,"column":24}}},"fnMap":{"0":{"name":"userRouter","decl":{"start":{"line":8,"column":24},"end":{"line":8,"column":34}},"loc":{"start":{"line":11,"column":40},"end":{"line":27,"column":1}}},"1":{"name":"(anonymous_8)","decl":{"start":{"line":15,"column":24},"end":{"line":15,"column":31}},"loc":{"start":{"line":15,"column":62},"end":{"line":17,"column":6}}},"2":{"name":"(anonymous_9)","decl":{"start":{"line":15,"column":62},"end":{"line":15,"column":null}},"loc":{"start":{"line":15,"column":62},"end":{"line":17,"column":5}}},"3":{"name":"(anonymous_10)","decl":{"start":{"line":19,"column":25},"end":{"line":19,"column":32}},"loc":{"start":{"line":19,"column":63},"end":{"line":21,"column":6}}},"4":{"name":"(anonymous_11)","decl":{"start":{"line":19,"column":63},"end":{"line":19,"column":null}},"loc":{"start":{"line":19,"column":63},"end":{"line":21,"column":5}}},"5":{"name":"(anonymous_12)","decl":{"start":{"line":23,"column":26},"end":{"line":23,"column":33}},"loc":{"start":{"line":23,"column":64},"end":{"line":25,"column":6}}},"6":{"name":"(anonymous_13)","decl":{"start":{"line":23,"column":64},"end":{"line":23,"column":null}},"loc":{"start":{"line":23,"column":64},"end":{"line":25,"column":5}}}},"branchMap":{},"s":{"0":2,"1":2,"2":2,"3":2,"4":2,"5":2,"6":2,"7":2,"8":2,"9":2,"10":2,"11":2,"12":2,"13":2,"14":2,"15":2},"f":{"0":2,"1":2,"2":2,"3":2,"4":2,"5":2,"6":2},"b":{}}
}
