TN:
SF:dist\src\server.js
FN:2,(anonymous_0)
FNF:1
FNH:1
FNDA:1,(anonymous_0)
DA:2,1
DA:3,1
DA:5,1
DA:6,1
DA:7,1
DA:9,1
DA:10,1
LF:7
LH:7
BRDA:2,0,0,1
BRDA:2,0,1,1
BRDA:2,0,2,1
BRDA:3,1,0,0
BRDA:3,1,1,1
BRDA:3,2,0,1
BRDA:3,2,1,1
BRF:7
BRH:6
end_of_record
TN:
SF:dist\src\data\dataSources\sqlite3\sqliteUserDataSource.js
FN:2,(anonymous_0)
FN:3,adopt
FN:3,(anonymous_2)
FN:4,(anonymous_3)
FN:5,fulfilled
FN:6,rejected
FN:7,step
FN:14,(anonymous_7)
FN:17,(anonymous_8)
FN:18,(anonymous_9)
FN:23,(anonymous_10)
FN:24,(anonymous_11)
FN:26,(anonymous_12)
FN:29,(anonymous_13)
FN:30,(anonymous_14)
FNF:15
FNH:13
FNDA:5,(anonymous_0)
FNDA:5,adopt
FNDA:0,(anonymous_2)
FNDA:5,(anonymous_3)
FNDA:5,fulfilled
FNDA:0,rejected
FNDA:10,step
FNDA:5,(anonymous_7)
FNDA:2,(anonymous_8)
FNDA:2,(anonymous_9)
FNDA:2,(anonymous_10)
FNDA:2,(anonymous_11)
FNDA:2,(anonymous_12)
FNDA:1,(anonymous_13)
FNDA:1,(anonymous_14)
DA:2,2
DA:3,5
DA:4,5
DA:5,5
DA:6,0
DA:7,10
DA:8,5
DA:11,2
DA:12,2
DA:15,5
DA:18,2
DA:19,2
DA:20,2
DA:24,2
DA:25,2
DA:26,2
DA:30,1
DA:31,1
DA:32,1
DA:36,2
LF:20
LH:19
BRDA:2,0,0,2
BRDA:2,0,1,2
BRDA:2,0,2,2
BRDA:3,1,0,5
BRDA:3,1,1,0
BRDA:4,2,0,5
BRDA:4,2,1,5
BRDA:7,3,0,5
BRDA:7,3,1,5
BRDA:8,4,0,5
BRDA:8,4,1,5
BRF:11
BRH:10
end_of_record
TN:
SF:dist\src\domain\dto\user.dto.js
FN:2,(anonymous_0)
FNF:1
FNH:1
FNDA:14,(anonymous_0)
DA:2,1
DA:3,14
DA:4,14
DA:5,30
DA:6,14
DA:8,1
DA:9,1
DA:10,1
DA:11,1
DA:14,1
DA:15,1
DA:19,1
DA:23,1
DA:27,1
DA:32,1
DA:37,1
DA:42,1
DA:48,1
DA:49,1
DA:53,1
DA:57,1
DA:61,1
DA:65,1
DA:69,1
DA:74,1
LF:25
LH:25
BRDA:2,0,0,1
BRDA:2,0,1,1
BRDA:2,0,2,1
BRDA:3,1,0,0
BRDA:3,1,1,14
BRDA:3,2,0,0
BRDA:3,2,1,14
BRDA:4,3,0,0
BRDA:4,3,1,14
BRDA:4,4,0,14
BRDA:4,4,1,14
BRDA:5,5,0,30
BRDA:5,5,1,0
BRDA:5,6,0,30
BRDA:5,6,1,30
BRDA:5,7,0,0
BRDA:5,7,1,30
BRDA:5,8,0,30
BRDA:5,8,1,0
BRDA:6,9,0,14
BRDA:6,9,1,14
BRDA:6,9,2,0
BRF:22
BRH:15
end_of_record
TN:
SF:dist\src\domain\entities\user.js
FN:5,(anonymous_0)
FNF:1
FNH:1
FNDA:7,(anonymous_0)
DA:2,7
DA:3,7
DA:5,7
DA:6,7
DA:7,7
LF:5
LH:5
BRDA:8,0,0,7
BRDA:8,0,1,7
BRF:2
BRH:2
end_of_record
TN:
SF:dist\src\domain\repositories\userRepository.js
FN:2,(anonymous_0)
FN:3,adopt
FN:3,(anonymous_2)
FN:4,(anonymous_3)
FN:5,fulfilled
FN:6,rejected
FN:7,step
FN:14,(anonymous_7)
FN:17,(anonymous_8)
FN:18,(anonymous_9)
FN:22,(anonymous_10)
FN:23,(anonymous_11)
FN:27,(anonymous_12)
FN:28,(anonymous_13)
FNF:14
FNH:12
FNDA:3,(anonymous_0)
FNDA:3,adopt
FNDA:0,(anonymous_2)
FNDA:3,(anonymous_3)
FNDA:3,fulfilled
FNDA:0,rejected
FNDA:6,step
FNDA:3,(anonymous_7)
FNDA:1,(anonymous_8)
FNDA:1,(anonymous_9)
FNDA:1,(anonymous_10)
FNDA:1,(anonymous_11)
FNDA:1,(anonymous_12)
FNDA:1,(anonymous_13)
DA:2,1
DA:3,3
DA:4,3
DA:5,3
DA:6,0
DA:7,6
DA:8,3
DA:11,1
DA:12,1
DA:15,3
DA:18,1
DA:19,1
DA:23,1
DA:24,1
DA:28,1
DA:29,1
DA:33,1
LF:17
LH:16
BRDA:2,0,0,1
BRDA:2,0,1,1
BRDA:2,0,2,1
BRDA:3,1,0,3
BRDA:3,1,1,0
BRDA:4,2,0,3
BRDA:4,2,1,3
BRDA:7,3,0,3
BRDA:7,3,1,3
BRDA:8,4,0,3
BRDA:8,4,1,3
BRF:11
BRH:10
end_of_record
TN:
SF:dist\src\domain\useCases\user\createUser.js
FN:2,(anonymous_0)
FN:3,adopt
FN:3,(anonymous_2)
FN:4,(anonymous_3)
FN:5,fulfilled
FN:6,rejected
FN:7,step
FN:14,(anonymous_7)
FN:17,(anonymous_8)
FN:18,(anonymous_9)
FNF:10
FNH:8
FNDA:1,(anonymous_0)
FNDA:1,adopt
FNDA:0,(anonymous_2)
FNDA:1,(anonymous_3)
FNDA:1,fulfilled
FNDA:0,rejected
FNDA:2,step
FNDA:1,(anonymous_7)
FNDA:1,(anonymous_8)
FNDA:1,(anonymous_9)
DA:2,1
DA:3,1
DA:4,1
DA:5,1
DA:6,0
DA:7,2
DA:8,1
DA:11,1
DA:12,1
DA:15,1
DA:18,1
DA:19,1
DA:23,1
LF:13
LH:12
BRDA:2,0,0,1
BRDA:2,0,1,1
BRDA:2,0,2,1
BRDA:3,1,0,1
BRDA:3,1,1,0
BRDA:4,2,0,1
BRDA:4,2,1,1
BRDA:7,3,0,1
BRDA:7,3,1,1
BRDA:8,4,0,1
BRDA:8,4,1,1
BRF:11
BRH:10
end_of_record
TN:
SF:dist\src\domain\useCases\user\getAllUser.js
FN:2,(anonymous_0)
FN:3,adopt
FN:3,(anonymous_2)
FN:4,(anonymous_3)
FN:5,fulfilled
FN:6,rejected
FN:7,step
FN:14,(anonymous_7)
FN:17,(anonymous_8)
FN:18,(anonymous_9)
FNF:10
FNH:8
FNDA:1,(anonymous_0)
FNDA:1,adopt
FNDA:0,(anonymous_2)
FNDA:1,(anonymous_3)
FNDA:1,fulfilled
FNDA:0,rejected
FNDA:2,step
FNDA:1,(anonymous_7)
FNDA:1,(anonymous_8)
FNDA:1,(anonymous_9)
DA:2,1
DA:3,1
DA:4,1
DA:5,1
DA:6,0
DA:7,2
DA:8,1
DA:11,1
DA:12,1
DA:15,1
DA:18,1
DA:19,1
DA:23,1
LF:13
LH:12
BRDA:2,0,0,1
BRDA:2,0,1,1
BRDA:2,0,2,1
BRDA:3,1,0,1
BRDA:3,1,1,0
BRDA:4,2,0,1
BRDA:4,2,1,1
BRDA:7,3,0,1
BRDA:7,3,1,1
BRDA:8,4,0,1
BRDA:8,4,1,1
BRF:11
BRH:10
end_of_record
TN:
SF:dist\src\domain\useCases\user\updateUser.js
FN:2,(anonymous_0)
FN:3,adopt
FN:3,(anonymous_2)
FN:4,(anonymous_3)
FN:5,fulfilled
FN:6,rejected
FN:7,step
FN:14,(anonymous_7)
FN:17,(anonymous_8)
FN:18,(anonymous_9)
FNF:10
FNH:8
FNDA:1,(anonymous_0)
FNDA:1,adopt
FNDA:0,(anonymous_2)
FNDA:1,(anonymous_3)
FNDA:1,fulfilled
FNDA:0,rejected
FNDA:2,step
FNDA:1,(anonymous_7)
FNDA:1,(anonymous_8)
FNDA:1,(anonymous_9)
DA:2,1
DA:3,1
DA:4,1
DA:5,1
DA:6,0
DA:7,2
DA:8,1
DA:11,1
DA:12,1
DA:15,1
DA:18,1
DA:19,1
DA:23,1
LF:13
LH:12
BRDA:2,0,0,1
BRDA:2,0,1,1
BRDA:2,0,2,1
BRDA:3,1,0,1
BRDA:3,1,1,0
BRDA:4,2,0,1
BRDA:4,2,1,1
BRDA:7,3,0,1
BRDA:7,3,1,1
BRDA:8,4,0,1
BRDA:8,4,1,1
BRF:11
BRH:10
end_of_record
TN:
SF:dist\src\presentation\controllers\user\createUser.controller.js
FN:2,(anonymous_0)
FN:3,adopt
FN:3,(anonymous_2)
FN:4,(anonymous_3)
FN:5,fulfilled
FN:6,rejected
FN:7,step
FN:16,(anonymous_7)
FN:16,(anonymous_8)
FN:23,(anonymous_9)
FNF:10
FNH:8
FNDA:2,(anonymous_0)
FNDA:4,adopt
FNDA:0,(anonymous_2)
FNDA:2,(anonymous_3)
FNDA:3,fulfilled
FNDA:1,rejected
FNDA:6,step
FNDA:2,(anonymous_7)
FNDA:2,(anonymous_8)
FNDA:0,(anonymous_9)
DA:2,1
DA:3,4
DA:4,2
DA:5,3
DA:6,1
DA:7,6
DA:8,2
DA:11,1
DA:12,1
DA:13,1
DA:14,1
DA:15,1
DA:16,2
DA:17,2
DA:18,2
DA:19,2
DA:20,2
DA:21,0
DA:23,0
DA:29,2
DA:30,1
DA:36,1
DA:39,1
DA:42,1
LF:24
LH:22
BRDA:2,0,0,1
BRDA:2,0,1,1
BRDA:2,0,2,1
BRDA:3,1,0,4
BRDA:3,1,1,0
BRDA:4,2,0,2
BRDA:4,2,1,2
BRDA:7,3,0,2
BRDA:7,3,1,4
BRDA:8,4,0,2
BRDA:8,4,1,2
BRDA:20,5,0,0
BRDA:20,5,1,2
BRF:13
BRH:11
end_of_record
TN:
SF:dist\src\presentation\controllers\user\getUsers.controller.js
FN:2,(anonymous_0)
FN:3,adopt
FN:3,(anonymous_2)
FN:4,(anonymous_3)
FN:5,fulfilled
FN:6,rejected
FN:7,step
FN:13,(anonymous_7)
FN:13,(anonymous_8)
FNF:9
FNH:8
FNDA:2,(anonymous_0)
FNDA:2,adopt
FNDA:0,(anonymous_2)
FNDA:2,(anonymous_3)
FNDA:1,fulfilled
FNDA:1,rejected
FNDA:4,step
FNDA:2,(anonymous_7)
FNDA:2,(anonymous_8)
DA:2,1
DA:3,2
DA:4,2
DA:5,1
DA:6,1
DA:7,4
DA:8,2
DA:11,1
DA:12,1
DA:13,2
DA:14,2
DA:15,2
DA:16,1
DA:17,1
DA:24,1
DA:29,1
LF:16
LH:16
BRDA:2,0,0,1
BRDA:2,0,1,1
BRDA:2,0,2,1
BRDA:3,1,0,2
BRDA:3,1,1,0
BRDA:4,2,0,2
BRDA:4,2,1,2
BRDA:7,3,0,2
BRDA:7,3,1,2
BRDA:8,4,0,2
BRDA:8,4,1,2
BRF:11
BRH:10
end_of_record
TN:
SF:dist\src\presentation\controllers\user\updateUser.controller.js
FN:2,(anonymous_0)
FN:3,adopt
FN:3,(anonymous_2)
FN:4,(anonymous_3)
FN:5,fulfilled
FN:6,rejected
FN:7,step
FN:16,(anonymous_7)
FN:16,(anonymous_8)
FN:23,(anonymous_9)
FNF:10
FNH:8
FNDA:2,(anonymous_0)
FNDA:4,adopt
FNDA:0,(anonymous_2)
FNDA:2,(anonymous_3)
FNDA:3,fulfilled
FNDA:1,rejected
FNDA:6,step
FNDA:2,(anonymous_7)
FNDA:2,(anonymous_8)
FNDA:0,(anonymous_9)
DA:2,1
DA:3,4
DA:4,2
DA:5,3
DA:6,1
DA:7,6
DA:8,2
DA:11,1
DA:12,1
DA:13,1
DA:14,1
DA:15,1
DA:16,2
DA:17,2
DA:18,2
DA:19,2
DA:20,2
DA:21,0
DA:23,0
DA:29,2
DA:30,1
DA:31,1
DA:37,1
DA:42,1
LF:24
LH:22
BRDA:2,0,0,1
BRDA:2,0,1,1
BRDA:2,0,2,1
BRDA:3,1,0,4
BRDA:3,1,1,0
BRDA:4,2,0,2
BRDA:4,2,1,2
BRDA:7,3,0,2
BRDA:7,3,1,4
BRDA:8,4,0,2
BRDA:8,4,1,2
BRDA:20,5,0,0
BRDA:20,5,1,2
BRF:13
BRH:11
end_of_record
TN:
SF:dist\src\presentation\routers\user-router.js
FN:2,(anonymous_0)
FN:3,adopt
FN:3,(anonymous_2)
FN:4,(anonymous_3)
FN:5,fulfilled
FN:6,rejected
FN:7,step
FN:16,userRouter
FN:18,(anonymous_8)
FN:18,(anonymous_9)
FN:21,(anonymous_10)
FN:21,(anonymous_11)
FN:24,(anonymous_12)
FN:24,(anonymous_13)
FNF:14
FNH:12
FNDA:6,(anonymous_0)
FNDA:6,adopt
FNDA:0,(anonymous_2)
FNDA:6,(anonymous_3)
FNDA:6,fulfilled
FNDA:0,rejected
FNDA:12,step
FNDA:1,userRouter
FNDA:2,(anonymous_8)
FNDA:2,(anonymous_9)
FNDA:2,(anonymous_10)
FNDA:2,(anonymous_11)
FNDA:2,(anonymous_12)
FNDA:2,(anonymous_13)
DA:2,1
DA:3,6
DA:4,6
DA:5,6
DA:6,0
DA:7,12
DA:8,6
DA:11,1
DA:12,1
DA:13,1
DA:14,1
DA:15,1
DA:17,1
DA:18,2
DA:19,2
DA:21,2
DA:22,2
DA:24,2
DA:25,2
DA:27,1
DA:29,1
LF:21
LH:20
BRDA:2,0,0,1
BRDA:2,0,1,1
BRDA:2,0,2,1
BRDA:3,1,0,6
BRDA:3,1,1,0
BRDA:4,2,0,6
BRDA:4,2,1,6
BRDA:7,3,0,6
BRDA:7,3,1,6
BRDA:8,4,0,6
BRDA:8,4,1,6
BRF:11
BRH:10
end_of_record
TN:
SF:src\server.ts
FNF:0
FNH:0
DA:1,2
DA:2,2
DA:4,2
DA:6,2
LF:4
LH:4
BRF:0
BRH:0
end_of_record
TN:
SF:src\data\dataSources\sqlite3\sqliteUserDataSource.ts
FN:7,(anonymous_7)
FN:10,(anonymous_8)
FN:14,(anonymous_10)
FN:16,(anonymous_12)
FN:21,(anonymous_13)
FNF:5
FNH:5
FNDA:3,(anonymous_7)
FNDA:1,(anonymous_8)
FNDA:1,(anonymous_10)
FNDA:1,(anonymous_12)
FNDA:1,(anonymous_13)
DA:5,1
DA:8,3
DA:11,1
DA:12,1
DA:15,1
DA:16,1
DA:22,1
DA:23,1
LF:8
LH:8
BRF:0
BRH:0
end_of_record
TN:
SF:src\domain\dto\user.dto.ts
FNF:0
FNH:0
DA:1,2
DA:2,2
DA:5,2
DA:8,2
DA:12,2
DA:16,2
DA:20,2
DA:24,2
DA:29,2
DA:33,2
DA:36,2
DA:39,2
DA:43,2
DA:47,2
DA:51,2
DA:55,2
DA:60,2
DA:64,2
LF:18
LH:18
BRF:0
BRH:0
end_of_record
TN:
SF:src\domain\entities\user.ts
FN:1,(anonymous_0)
FNF:1
FNH:1
FNDA:7,(anonymous_0)
DA:1,7
DA:2,7
DA:3,7
LF:3
LH:3
BRDA:1,0,0,7
BRDA:1,0,1,7
BRF:2
BRH:2
end_of_record
TN:
SF:src\domain\repositories\userRepository.ts
FN:8,(anonymous_7)
FN:12,(anonymous_8)
FN:15,(anonymous_10)
FN:19,(anonymous_12)
FNF:4
FNH:4
FNDA:3,(anonymous_7)
FNDA:1,(anonymous_8)
FNDA:1,(anonymous_10)
FNDA:1,(anonymous_12)
DA:5,1
DA:9,3
DA:13,1
DA:16,1
DA:20,1
LF:5
LH:5
BRF:0
BRH:0
end_of_record
TN:
SF:src\domain\useCases\user\createUser.ts
FN:7,(anonymous_7)
FN:10,(anonymous_8)
FNF:2
FNH:2
FNDA:1,(anonymous_7)
FNDA:1,(anonymous_8)
DA:5,1
DA:8,1
DA:11,1
LF:3
LH:3
BRF:0
BRH:0
end_of_record
TN:
SF:src\domain\useCases\user\getAllUser.ts
FN:7,(anonymous_7)
FN:10,(anonymous_8)
FNF:2
FNH:2
FNDA:1,(anonymous_7)
FNDA:1,(anonymous_8)
DA:5,1
DA:8,1
DA:11,1
LF:3
LH:3
BRF:0
BRH:0
end_of_record
TN:
SF:src\domain\useCases\user\updateUser.ts
FN:7,(anonymous_7)
FN:10,(anonymous_8)
FNF:2
FNH:2
FNDA:1,(anonymous_7)
FNDA:1,(anonymous_8)
DA:5,1
DA:8,1
DA:11,1
LF:3
LH:3
BRF:0
BRH:0
end_of_record
TN:
SF:src\presentation\controllers\user\createUser.controller.ts
FN:7,(anonymous_7)
FN:7,(anonymous_8)
FN:15,(anonymous_9)
FNF:3
FNH:2
FNDA:2,(anonymous_7)
FNDA:2,(anonymous_8)
FNDA:0,(anonymous_9)
DA:3,2
DA:4,2
DA:5,2
DA:7,2
DA:8,2
DA:9,2
DA:10,2
DA:12,2
DA:13,0
DA:15,0
DA:21,2
DA:22,1
DA:28,1
DA:31,1
LF:14
LH:12
BRDA:12,0,0,0
BRF:1
BRH:0
end_of_record
TN:
SF:src\presentation\controllers\user\getUsers.controller.ts
FN:4,(anonymous_7)
FN:4,(anonymous_8)
FNF:2
FNH:2
FNDA:2,(anonymous_7)
FNDA:2,(anonymous_8)
DA:4,2
DA:5,2
DA:6,2
DA:7,1
DA:8,1
DA:14,1
LF:6
LH:6
BRF:0
BRH:0
end_of_record
TN:
SF:src\presentation\controllers\user\updateUser.controller.ts
FN:7,(anonymous_7)
FN:7,(anonymous_8)
FN:14,(anonymous_9)
FNF:3
FNH:2
FNDA:2,(anonymous_7)
FNDA:2,(anonymous_8)
FNDA:0,(anonymous_9)
DA:3,2
DA:4,2
DA:5,2
DA:7,2
DA:8,2
DA:9,2
DA:10,2
DA:11,2
DA:12,0
DA:14,0
DA:20,2
DA:21,1
DA:22,1
DA:27,1
LF:14
LH:12
BRDA:11,0,0,0
BRF:1
BRH:0
end_of_record
TN:
SF:src\presentation\routers\user-router.ts
FN:8,userRouter
FN:15,(anonymous_8)
FN:15,(anonymous_9)
FN:19,(anonymous_10)
FN:19,(anonymous_11)
FN:23,(anonymous_12)
FN:23,(anonymous_13)
FNF:7
FNH:7
FNDA:2,userRouter
FNDA:2,(anonymous_8)
FNDA:2,(anonymous_9)
FNDA:2,(anonymous_10)
FNDA:2,(anonymous_11)
FNDA:2,(anonymous_12)
FNDA:2,(anonymous_13)
DA:3,2
DA:5,2
DA:6,2
DA:7,2
DA:8,2
DA:13,2
DA:15,2
DA:16,2
DA:19,2
DA:20,2
DA:23,2
DA:24,2
DA:26,2
LF:13
LH:13
BRF:0
BRH:0
end_of_record
